{
  "stats": {
    "suites": 12,
    "tests": 41,
    "passes": 24,
    "pending": 0,
    "failures": 17,
    "start": "2022-04-22T18:04:43.654Z",
    "end": "2022-04-22T18:06:00.992Z",
    "duration": 77338,
    "testsRegistered": 41,
    "passPercent": 58.536585365853654,
    "pendingPercent": 0,
    "other": 0,
    "hasOther": false,
    "skipped": 0,
    "hasSkipped": false
  },
  "results": [
    {
      "uuid": "c093e4e3-5be0-40a7-a44b-aa612e25ea41",
      "title": "",
      "fullFile": "cypress/integration/project.spec.js",
      "file": "cypress/integration/project.spec.js",
      "beforeHooks": [],
      "afterHooks": [],
      "tests": [],
      "suites": [
        {
          "uuid": "e1ea27b1-626b-46c4-939f-81833756859f",
          "title": "1 - Adicione à página o título \"Paleta de Cores\".",
          "fullFile": "",
          "file": "",
          "beforeHooks": [],
          "afterHooks": [],
          "tests": [
            {
              "title": "Verifica se contém um elemento `h1` com o id `title` com o título correto",
              "fullTitle": "1 - Adicione à página o título \"Paleta de Cores\". Verifica se contém um elemento `h1` com o id `title` com o título correto",
              "timedOut": null,
              "duration": 603,
              "state": "passed",
              "speed": "slow",
              "pass": true,
              "fail": false,
              "pending": false,
              "context": null,
              "code": "cy.get('h1#title').should('contain.text', 'Paleta de Cores');",
              "err": {},
              "uuid": "32a8fb02-6544-4419-93cd-6d7e6061d96d",
              "parentUUID": "e1ea27b1-626b-46c4-939f-81833756859f",
              "isHook": false,
              "skipped": false
            }
          ],
          "suites": [],
          "passes": [
            "32a8fb02-6544-4419-93cd-6d7e6061d96d"
          ],
          "failures": [],
          "pending": [],
          "skipped": [],
          "duration": 603,
          "root": false,
          "rootEmpty": false,
          "_timeout": 2000
        },
        {
          "uuid": "951562c3-4f97-40a3-bea1-a5a2025a3ef5",
          "title": "2 - Adicione à página uma paleta de quatro cores distintas.",
          "fullFile": "",
          "file": "",
          "beforeHooks": [],
          "afterHooks": [],
          "tests": [
            {
              "title": "A paleta de cores deve ser um elemento com `id` denominado `color-palette` e ter mais de 0px de altura e de largura.",
              "fullTitle": "2 - Adicione à página uma paleta de quatro cores distintas. A paleta de cores deve ser um elemento com `id` denominado `color-palette` e ter mais de 0px de altura e de largura.",
              "timedOut": null,
              "duration": 107,
              "state": "passed",
              "speed": "slow",
              "pass": true,
              "fail": false,
              "pending": false,
              "context": null,
              "code": "cy.get('#color-palette').should('be.visible');\ncy.get('#color-palette').children('.color');",
              "err": {},
              "uuid": "e24620e2-741d-47b0-95a1-661cf93f41d6",
              "parentUUID": "951562c3-4f97-40a3-bea1-a5a2025a3ef5",
              "isHook": false,
              "skipped": false
            },
            {
              "title": "Verifica se cada cor individual da paleta de cores possui a `classe` chamada `color`.",
              "fullTitle": "2 - Adicione à página uma paleta de quatro cores distintas. Verifica se cada cor individual da paleta de cores possui a `classe` chamada `color`.",
              "timedOut": null,
              "duration": 109,
              "state": "passed",
              "speed": "slow",
              "pass": true,
              "fail": false,
              "pending": false,
              "context": null,
              "code": "cy.get('.color').should('have.length', 4).then(function (colors) {\n  for (var i = 0; i < colors.length; i++) {\n    cy.wrap(colors[i]).should('be.visible');\n  }\n});",
              "err": {},
              "uuid": "0a6d8a77-5abf-41ea-9281-4d7b95a94213",
              "parentUUID": "951562c3-4f97-40a3-bea1-a5a2025a3ef5",
              "isHook": false,
              "skipped": false
            },
            {
              "title": "Verifica se a cor de fundo de cada elemento da paleta é a cor que o elemento representa. **A única cor não permitida na paleta é a cor branca.**",
              "fullTitle": "2 - Adicione à página uma paleta de quatro cores distintas. Verifica se a cor de fundo de cada elemento da paleta é a cor que o elemento representa. **A única cor não permitida na paleta é a cor branca.**",
              "timedOut": null,
              "duration": 106,
              "state": "passed",
              "speed": "slow",
              "pass": true,
              "fail": false,
              "pending": false,
              "context": null,
              "code": "cy.get('.color').each(function (color) {\n  cy.wrap(color).should('have.class', 'color').and('not.have.css', 'background-color', WHITE);\n  cy.wrap(color).should('have.css', 'background-color');\n});",
              "err": {},
              "uuid": "6676e1b3-beb5-4224-9874-64ea40cf3a65",
              "parentUUID": "951562c3-4f97-40a3-bea1-a5a2025a3ef5",
              "isHook": false,
              "skipped": false
            },
            {
              "title": "Verifica se cada elemento da paleta de cores tem uma borda preta, sólida e com 1 pixel de largura;",
              "fullTitle": "2 - Adicione à página uma paleta de quatro cores distintas. Verifica se cada elemento da paleta de cores tem uma borda preta, sólida e com 1 pixel de largura;",
              "timedOut": null,
              "duration": 73,
              "state": "passed",
              "speed": "medium",
              "pass": true,
              "fail": false,
              "pending": false,
              "context": null,
              "code": "cy.get('.color').each(function (color) {\n  cy.wrap(color).and('have.css', 'border', \"1px solid \".concat(BLACK)).and('have.class', 'color');\n});",
              "err": {},
              "uuid": "891a0695-ff45-42a2-98a8-c848d6c20fc7",
              "parentUUID": "951562c3-4f97-40a3-bea1-a5a2025a3ef5",
              "isHook": false,
              "skipped": false
            },
            {
              "title": "Verifica se a paleta lista todas as cores disponíveis para utilização, lado a lado.",
              "fullTitle": "2 - Adicione à página uma paleta de quatro cores distintas. Verifica se a paleta lista todas as cores disponíveis para utilização, lado a lado.",
              "timedOut": null,
              "duration": 67,
              "state": "passed",
              "speed": "medium",
              "pass": true,
              "fail": false,
              "pending": false,
              "context": null,
              "code": "cy.get('.color').then(function (colors) {\n  for (var index = 1; index < colors.length; index += 1) {\n    var currentColor = colors[index];\n    var previousColor = colors[index - 1];\n    cy.wrap(currentColor).should('be.onTheRightOf', previousColor).and('be.horizontallyAlignedWith', previousColor);\n  }\n});",
              "err": {},
              "uuid": "2929c8ec-036a-44de-bb55-57de4407be39",
              "parentUUID": "951562c3-4f97-40a3-bea1-a5a2025a3ef5",
              "isHook": false,
              "skipped": false
            },
            {
              "title": "Verifica se a paleta de cores está posicionada abaixo do título 'Paleta de Cores'",
              "fullTitle": "2 - Adicione à página uma paleta de quatro cores distintas. Verifica se a paleta de cores está posicionada abaixo do título 'Paleta de Cores'",
              "timedOut": null,
              "duration": 70,
              "state": "passed",
              "speed": "medium",
              "pass": true,
              "fail": false,
              "pending": false,
              "context": null,
              "code": "cy.get('h1#title').then(function (title) {\n  cy.get('#color-palette').should('be.belowOf', title);\n});",
              "err": {},
              "uuid": "cada8455-3d23-49ec-b3a8-aad779921345",
              "parentUUID": "951562c3-4f97-40a3-bea1-a5a2025a3ef5",
              "isHook": false,
              "skipped": false
            },
            {
              "title": "Verifica se a paleta de cores não contém cores repetidas.",
              "fullTitle": "2 - Adicione à página uma paleta de quatro cores distintas. Verifica se a paleta de cores não contém cores repetidas.",
              "timedOut": null,
              "duration": 78,
              "state": "passed",
              "speed": "slow",
              "pass": true,
              "fail": false,
              "pending": false,
              "context": null,
              "code": "cy.get('.color').then(function (colors) {\n  var allColors = Array.from(colors).map(function (color) {\n    return Cypress.$(color).css('background-color');\n  });\n  cy.log(allColors);\n  var uniqColors = (0, _toConsumableArray2[\"default\"])(new Set(allColors));\n  cy.log(uniqColors);\n  expect(allColors.length).to.eq(uniqColors.length);\n});",
              "err": {},
              "uuid": "a8e9ede3-7086-4043-a9d6-e4f0e8a835b9",
              "parentUUID": "951562c3-4f97-40a3-bea1-a5a2025a3ef5",
              "isHook": false,
              "skipped": false
            }
          ],
          "suites": [],
          "passes": [
            "e24620e2-741d-47b0-95a1-661cf93f41d6",
            "0a6d8a77-5abf-41ea-9281-4d7b95a94213",
            "6676e1b3-beb5-4224-9874-64ea40cf3a65",
            "891a0695-ff45-42a2-98a8-c848d6c20fc7",
            "2929c8ec-036a-44de-bb55-57de4407be39",
            "cada8455-3d23-49ec-b3a8-aad779921345",
            "a8e9ede3-7086-4043-a9d6-e4f0e8a835b9"
          ],
          "failures": [],
          "pending": [],
          "skipped": [],
          "duration": 610,
          "root": false,
          "rootEmpty": false,
          "_timeout": 2000
        },
        {
          "uuid": "fd63b032-48da-4169-9adf-7ecbe5dae9c7",
          "title": "3 - Adicione a cor **preta** como a primeira cor da paleta de cores.",
          "fullFile": "",
          "file": "",
          "beforeHooks": [],
          "afterHooks": [],
          "tests": [
            {
              "title": "Verifica se a primeira cor da paleta é preta",
              "fullTitle": "3 - Adicione a cor **preta** como a primeira cor da paleta de cores. Verifica se a primeira cor da paleta é preta",
              "timedOut": null,
              "duration": 83,
              "state": "passed",
              "speed": "slow",
              "pass": true,
              "fail": false,
              "pending": false,
              "context": null,
              "code": "cy.get('.color').first().should('have.css', 'background-color', BLACK);",
              "err": {},
              "uuid": "bdf5189e-b935-42fa-a53b-5449d1038b83",
              "parentUUID": "fd63b032-48da-4169-9adf-7ecbe5dae9c7",
              "isHook": false,
              "skipped": false
            },
            {
              "title": "Verifica se as demais cores podem ser escolhidas livremente.",
              "fullTitle": "3 - Adicione a cor **preta** como a primeira cor da paleta de cores. Verifica se as demais cores podem ser escolhidas livremente.",
              "timedOut": null,
              "duration": 138,
              "state": "passed",
              "speed": "slow",
              "pass": true,
              "fail": false,
              "pending": false,
              "context": null,
              "code": "cy.get('.color').eq(1).should('not.have.css', 'background-color', BLACK);\ncy.get('.color').eq(1).should('not.have.css', 'background-color', WHITE);\ncy.get('.color').eq(1).should('not.have.css', 'background-color', 'rgba(0, 0, 0, 0)');\ncy.get('.color').eq(1).should('have.css', 'background-color');\ncy.get('.color').eq(2).should('not.have.css', 'background-color', BLACK);\ncy.get('.color').eq(2).should('not.have.css', 'background-color', WHITE);\ncy.get('.color').eq(2).should('not.have.css', 'background-color', 'rgba(0, 0, 0, 0)');\ncy.get('.color').eq(2).should('have.css', 'background-color');\ncy.get('.color').eq(3).should('not.have.css', 'background-color', BLACK);\ncy.get('.color').eq(3).should('not.have.css', 'background-color', WHITE);\ncy.get('.color').eq(3).should('not.have.css', 'background-color', 'rgba(0, 0, 0, 0)');\ncy.get('.color').eq(3).should('have.css', 'background-color');",
              "err": {},
              "uuid": "94b8ea62-4d47-4eb9-a3c2-6209d31bb2c0",
              "parentUUID": "fd63b032-48da-4169-9adf-7ecbe5dae9c7",
              "isHook": false,
              "skipped": false
            }
          ],
          "suites": [],
          "passes": [
            "bdf5189e-b935-42fa-a53b-5449d1038b83",
            "94b8ea62-4d47-4eb9-a3c2-6209d31bb2c0"
          ],
          "failures": [],
          "pending": [],
          "skipped": [],
          "duration": 221,
          "root": false,
          "rootEmpty": false,
          "_timeout": 2000
        },
        {
          "uuid": "662b8741-a919-45b1-91ba-1ed74cdfe546",
          "title": "4 - Adicione à página um quadro de pixels, com 25 pixels.",
          "fullFile": "",
          "file": "",
          "beforeHooks": [],
          "afterHooks": [],
          "tests": [
            {
              "title": "Verifica se o quadro de pixels possui o `id` denominado `pixel-board`",
              "fullTitle": "4 - Adicione à página um quadro de pixels, com 25 pixels. Verifica se o quadro de pixels possui o `id` denominado `pixel-board`",
              "timedOut": null,
              "duration": 67,
              "state": "passed",
              "speed": "medium",
              "pass": true,
              "fail": false,
              "pending": false,
              "context": null,
              "code": "cy.get('#pixel-board').should('be.visible');",
              "err": {},
              "uuid": "fdebdfa6-96b1-4469-98e9-23282e8f5a5c",
              "parentUUID": "662b8741-a919-45b1-91ba-1ed74cdfe546",
              "isHook": false,
              "skipped": false
            },
            {
              "title": "Verifica se cada pixel individual dentro do quadro possui a `classe` denominada `pixel`.",
              "fullTitle": "4 - Adicione à página um quadro de pixels, com 25 pixels. Verifica se cada pixel individual dentro do quadro possui a `classe` denominada `pixel`.",
              "timedOut": null,
              "duration": 81,
              "state": "passed",
              "speed": "slow",
              "pass": true,
              "fail": false,
              "pending": false,
              "context": null,
              "code": "cy.get('.pixel').should('have.length', 25);",
              "err": {},
              "uuid": "7320c0ff-7dac-4e87-b86b-0b699c22cf78",
              "parentUUID": "662b8741-a919-45b1-91ba-1ed74cdfe546",
              "isHook": false,
              "skipped": false
            },
            {
              "title": "Verifica se a cor inicial dos pixels dentro do quadro, ao abrir a página, é branca.",
              "fullTitle": "4 - Adicione à página um quadro de pixels, com 25 pixels. Verifica se a cor inicial dos pixels dentro do quadro, ao abrir a página, é branca.",
              "timedOut": null,
              "duration": 128,
              "state": "passed",
              "speed": "slow",
              "pass": true,
              "fail": false,
              "pending": false,
              "context": null,
              "code": "cy.get('.pixel').should('have.length', 25).each(function (pixel) {\n  expect(pixel).to.have.css('background-color', WHITE);\n});",
              "err": {},
              "uuid": "f925323d-93ef-44f1-8151-33915a90d754",
              "parentUUID": "662b8741-a919-45b1-91ba-1ed74cdfe546",
              "isHook": false,
              "skipped": false
            },
            {
              "title": "Verifica se o quadro de pixels aparece abaixo da paleta de cores",
              "fullTitle": "4 - Adicione à página um quadro de pixels, com 25 pixels. Verifica se o quadro de pixels aparece abaixo da paleta de cores",
              "timedOut": null,
              "duration": 69,
              "state": "passed",
              "speed": "medium",
              "pass": true,
              "fail": false,
              "pending": false,
              "context": null,
              "code": "cy.get('#color-palette').then(function (palette) {\n  cy.get('#pixel-board').should('be.belowOf', palette);\n});",
              "err": {},
              "uuid": "4d65d6cc-3100-4216-98f6-5f1e325365d1",
              "parentUUID": "662b8741-a919-45b1-91ba-1ed74cdfe546",
              "isHook": false,
              "skipped": false
            }
          ],
          "suites": [],
          "passes": [
            "fdebdfa6-96b1-4469-98e9-23282e8f5a5c",
            "7320c0ff-7dac-4e87-b86b-0b699c22cf78",
            "f925323d-93ef-44f1-8151-33915a90d754",
            "4d65d6cc-3100-4216-98f6-5f1e325365d1"
          ],
          "failures": [],
          "pending": [],
          "skipped": [],
          "duration": 345,
          "root": false,
          "rootEmpty": false,
          "_timeout": 2000
        },
        {
          "uuid": "6b9ff020-623d-44f3-a215-dd1eda72ce84",
          "title": "5 - Faça com que cada elemento do quadro de pixels possua 40 pixels de largura, 40 pixels de altura e seja delimitado por uma borda preta de 1 pixel.",
          "fullFile": "",
          "file": "",
          "beforeHooks": [],
          "afterHooks": [],
          "tests": [
            {
              "title": "Verifica se o quadro de pixels tem altura e comprimento de 5 elementos",
              "fullTitle": "5 - Faça com que cada elemento do quadro de pixels possua 40 pixels de largura, 40 pixels de altura e seja delimitado por uma borda preta de 1 pixel. Verifica se o quadro de pixels tem altura e comprimento de 5 elementos",
              "timedOut": null,
              "duration": 201,
              "state": "passed",
              "speed": "slow",
              "pass": true,
              "fail": false,
              "pending": false,
              "context": null,
              "code": "cy.get('.pixel').should('have.length', 25).each(function (pixel) {\n  expect(pixel).to.have.css('background-color', WHITE);\n}).and(function (pixels) {\n  var rows = chunk(pixels, 5);\n  rows.forEach(function (row) {\n    for (var index = 1; index < row.length; index += 1) {\n      var current = pixels[index];\n      var previous = pixels[index - 1];\n      cy.wrap(current).should('be.onTheRightOf', previous).and('be.horizontallyAlignedWith', previous);\n    }\n  });\n  for (var index = 1; index < 5; index += 1) {\n    expect(pixels[index * 5]).to.be.belowOf(pixels[(index - 1) * 5]);\n  }\n});",
              "err": {},
              "uuid": "a0a128e9-6a68-4a1c-851f-8e8c2f7279f4",
              "parentUUID": "6b9ff020-623d-44f3-a215-dd1eda72ce84",
              "isHook": false,
              "skipped": false
            },
            {
              "title": "Verifica se 40 pixels é o tamanho total do elemento, incluindo seu conteúdo e excluindo a borda preta, que deve ser criada à parte.",
              "fullTitle": "5 - Faça com que cada elemento do quadro de pixels possua 40 pixels de largura, 40 pixels de altura e seja delimitado por uma borda preta de 1 pixel. Verifica se 40 pixels é o tamanho total do elemento, incluindo seu conteúdo e excluindo a borda preta, que deve ser criada à parte.",
              "timedOut": null,
              "duration": 220,
              "state": "passed",
              "speed": "slow",
              "pass": true,
              "fail": false,
              "pending": false,
              "context": null,
              "code": "cy.get('.pixel').each(function (pixel) {\n  cy.wrap(pixel).should('have.css', 'height', '40px').and('have.css', 'width', '40px').and('have.css', 'border', \"1px solid \".concat(BLACK));\n});",
              "err": {},
              "uuid": "1d1206ae-959d-478c-a930-3e714973418d",
              "parentUUID": "6b9ff020-623d-44f3-a215-dd1eda72ce84",
              "isHook": false,
              "skipped": false
            }
          ],
          "suites": [],
          "passes": [
            "a0a128e9-6a68-4a1c-851f-8e8c2f7279f4",
            "1d1206ae-959d-478c-a930-3e714973418d"
          ],
          "failures": [],
          "pending": [],
          "skipped": [],
          "duration": 421,
          "root": false,
          "rootEmpty": false,
          "_timeout": 2000
        },
        {
          "uuid": "cef63971-b3cd-438c-9a4f-28543764e10d",
          "title": "6 - Defina a cor preta como cor inicial. Ao carregar a página a cor preta já deve estar selecionada para pintar os pixels",
          "fullFile": "",
          "file": "",
          "beforeHooks": [],
          "afterHooks": [],
          "tests": [
            {
              "title": "Verifica se o elemento da cor preta possui, inicialmente, a `classe` `selected`",
              "fullTitle": "6 - Defina a cor preta como cor inicial. Ao carregar a página a cor preta já deve estar selecionada para pintar os pixels Verifica se o elemento da cor preta possui, inicialmente, a `classe` `selected`",
              "timedOut": null,
              "duration": 61,
              "state": "passed",
              "speed": "medium",
              "pass": true,
              "fail": false,
              "pending": false,
              "context": null,
              "code": "cy.get('.selected').first().should('have.css', 'background-color', BLACK);",
              "err": {},
              "uuid": "89c46009-ee62-43f1-baf4-3380e8dd474e",
              "parentUUID": "cef63971-b3cd-438c-9a4f-28543764e10d",
              "isHook": false,
              "skipped": false
            },
            {
              "title": "Verifica se nenhuma outra cor da paleta tem a `classe` `selected`",
              "fullTitle": "6 - Defina a cor preta como cor inicial. Ao carregar a página a cor preta já deve estar selecionada para pintar os pixels Verifica se nenhuma outra cor da paleta tem a `classe` `selected`",
              "timedOut": null,
              "duration": 89,
              "state": "passed",
              "speed": "slow",
              "pass": true,
              "fail": false,
              "pending": false,
              "context": null,
              "code": "cy.get('.color:not(:first-child)').each(function (color) {\n  cy.wrap(color).should('not.have.class', 'selected');\n});",
              "err": {},
              "uuid": "70f0de03-da9b-4436-a7dc-c6e68ae555ca",
              "parentUUID": "cef63971-b3cd-438c-9a4f-28543764e10d",
              "isHook": false,
              "skipped": false
            }
          ],
          "suites": [],
          "passes": [
            "89c46009-ee62-43f1-baf4-3380e8dd474e",
            "70f0de03-da9b-4436-a7dc-c6e68ae555ca"
          ],
          "failures": [],
          "pending": [],
          "skipped": [],
          "duration": 150,
          "root": false,
          "rootEmpty": false,
          "_timeout": 2000
        },
        {
          "uuid": "157c96c0-b348-4535-95a1-f817f1fc1e7e",
          "title": "7 - Clicar em uma das cores da paleta, faz com que ela seja selecionada e utilizada para preencher os pixels no quadro.",
          "fullFile": "",
          "file": "",
          "beforeHooks": [],
          "afterHooks": [],
          "tests": [
            {
              "title": "Verifica se somente uma cor da paleta de cores tem a classe `selected` de cada vez",
              "fullTitle": "7 - Clicar em uma das cores da paleta, faz com que ela seja selecionada e utilizada para preencher os pixels no quadro. Verifica se somente uma cor da paleta de cores tem a classe `selected` de cada vez",
              "timedOut": null,
              "duration": 405,
              "state": "passed",
              "speed": "slow",
              "pass": true,
              "fail": false,
              "pending": false,
              "context": null,
              "code": "cy.get('.color').each(function (selectedColor, selectedColorIndex) {\n  cy.wrap(selectedColor).click();\n  cy.get('.color').each(function (color, colorIndex) {\n    if (colorIndex === selectedColorIndex) {\n      expect(color).to.have[\"class\"]('selected');\n    } else {\n      expect(color).not.to.have[\"class\"]('selected');\n    }\n  });\n});",
              "err": {},
              "uuid": "75cf60c0-43fe-47c7-a76b-3c266d649b02",
              "parentUUID": "157c96c0-b348-4535-95a1-f817f1fc1e7e",
              "isHook": false,
              "skipped": false
            },
            {
              "title": "Verifica se os pixels dentro do quadro não têm a classe `selected` quando são clicados",
              "fullTitle": "7 - Clicar em uma das cores da paleta, faz com que ela seja selecionada e utilizada para preencher os pixels no quadro. Verifica se os pixels dentro do quadro não têm a classe `selected` quando são clicados",
              "timedOut": null,
              "duration": 8339,
              "state": "passed",
              "speed": "slow",
              "pass": true,
              "fail": false,
              "pending": false,
              "context": null,
              "code": "cy.get('.color').each(function (color) {\n  var backgroundColor = color.css('background-color');\n  cy.wrap(color).click();\n  cy.get('.pixel').each(function (pixel) {\n    cy.wrap(pixel).click().should('not.have.class', 'selected');\n  });\n});",
              "err": {},
              "uuid": "91a9379a-b973-4a45-92a6-624f53071b2f",
              "parentUUID": "157c96c0-b348-4535-95a1-f817f1fc1e7e",
              "isHook": false,
              "skipped": false
            }
          ],
          "suites": [],
          "passes": [
            "75cf60c0-43fe-47c7-a76b-3c266d649b02",
            "91a9379a-b973-4a45-92a6-624f53071b2f"
          ],
          "failures": [],
          "pending": [],
          "skipped": [],
          "duration": 8744,
          "root": false,
          "rootEmpty": false,
          "_timeout": 2000
        },
        {
          "uuid": "4fbb0161-ec6a-4e6c-8a3b-630b024a7053",
          "title": "8 - Clicar em um pixel dentro do quadro após selecionar uma cor na paleta, faz com que o pixel seja preenchido com a cor selecionada.",
          "fullFile": "",
          "file": "",
          "beforeHooks": [],
          "afterHooks": [],
          "tests": [
            {
              "title": "Verifica se ao carregar a página deve ser possível pintar os pixels de preto",
              "fullTitle": "8 - Clicar em um pixel dentro do quadro após selecionar uma cor na paleta, faz com que o pixel seja preenchido com a cor selecionada. Verifica se ao carregar a página deve ser possível pintar os pixels de preto",
              "timedOut": null,
              "duration": 4296,
              "state": "failed",
              "speed": null,
              "pass": false,
              "fail": true,
              "pending": false,
              "context": null,
              "code": "cy.get('.pixel').each(function (pixel) {\n  cy.wrap(pixel).click().should('have.css', 'background-color', BLACK);\n});",
              "err": {
                "message": "CypressError: Timed out retrying: expected '<div#px0.pixel>' to have CSS property 'background-color' with the value 'rgb(0, 0, 0)', but the value was 'rgb(255, 0, 0)'",
                "estack": "CypressError: Timed out retrying: expected '<div#px0.pixel>' to have CSS property 'background-color' with the value 'rgb(0, 0, 0)', but the value was 'rgb(255, 0, 0)'\n    at cypressErr (http://localhost:34459/__cypress/runner/cypress_runner.js:149934:9)\n    at throwErr (http://localhost:34459/__cypress/runner/cypress_runner.js:149867:11)\n    at Object.throwErrByPath (http://localhost:34459/__cypress/runner/cypress_runner.js:149915:3)\n    at retry (http://localhost:34459/__cypress/runner/cypress_runner.js:144197:19)\n    at onFailFn (http://localhost:34459/__cypress/runner/cypress_runner.js:132448:16)\n    at tryCatcher (http://localhost:34459/__cypress/runner/cypress_runner.js:167415:23)\n    at Promise._settlePromiseFromHandler (http://localhost:34459/__cypress/runner/cypress_runner.js:165351:31)\n    at Promise._settlePromise (http://localhost:34459/__cypress/runner/cypress_runner.js:165408:18)\n    at Promise._settlePromise0 (http://localhost:34459/__cypress/runner/cypress_runner.js:165453:10)\n    at Promise._settlePromises (http://localhost:34459/__cypress/runner/cypress_runner.js:165528:18)\n    at Async../node_modules/bluebird/js/release/async.js.Async._drainQueue (http://localhost:34459/__cypress/runner/cypress_runner.js:162140:16)\n    at Async../node_modules/bluebird/js/release/async.js.Async._drainQueues (http://localhost:34459/__cypress/runner/cypress_runner.js:162150:10)\n    at Async.drainQueues (http://localhost:34459/__cypress/runner/cypress_runner.js:162024:14)",
                "diff": null
              },
              "uuid": "bf0fe152-39ac-44e4-ae18-a306e0a6d5c3",
              "parentUUID": "4fbb0161-ec6a-4e6c-8a3b-630b024a7053",
              "isHook": false,
              "skipped": false
            },
            {
              "title": "Verifica se após selecionar uma outra cor na paleta, é possível pintar os pixels com essa cor",
              "fullTitle": "8 - Clicar em um pixel dentro do quadro após selecionar uma cor na paleta, faz com que o pixel seja preenchido com a cor selecionada. Verifica se após selecionar uma outra cor na paleta, é possível pintar os pixels com essa cor",
              "timedOut": null,
              "duration": 4358,
              "state": "failed",
              "speed": null,
              "pass": false,
              "fail": true,
              "pending": false,
              "context": null,
              "code": "cy.get('.color').each(function (color) {\n  var backgroundColor = color.css('background-color');\n  cy.wrap(color).click();\n  cy.get('.pixel').each(function (pixel) {\n    cy.wrap(pixel).click().should('have.css', 'background-color', backgroundColor);\n  });\n});",
              "err": {
                "message": "CypressError: Timed out retrying: expected '<div#px0.pixel>' to have CSS property 'background-color' with the value 'rgb(0, 0, 0)', but the value was 'rgb(255, 0, 0)'",
                "estack": "CypressError: Timed out retrying: expected '<div#px0.pixel>' to have CSS property 'background-color' with the value 'rgb(0, 0, 0)', but the value was 'rgb(255, 0, 0)'\n    at cypressErr (http://localhost:34459/__cypress/runner/cypress_runner.js:149934:9)\n    at throwErr (http://localhost:34459/__cypress/runner/cypress_runner.js:149867:11)\n    at Object.throwErrByPath (http://localhost:34459/__cypress/runner/cypress_runner.js:149915:3)\n    at retry (http://localhost:34459/__cypress/runner/cypress_runner.js:144197:19)\n    at onFailFn (http://localhost:34459/__cypress/runner/cypress_runner.js:132448:16)\n    at tryCatcher (http://localhost:34459/__cypress/runner/cypress_runner.js:167415:23)\n    at Promise._settlePromiseFromHandler (http://localhost:34459/__cypress/runner/cypress_runner.js:165351:31)\n    at Promise._settlePromise (http://localhost:34459/__cypress/runner/cypress_runner.js:165408:18)\n    at Promise._settlePromise0 (http://localhost:34459/__cypress/runner/cypress_runner.js:165453:10)\n    at Promise._settlePromises (http://localhost:34459/__cypress/runner/cypress_runner.js:165528:18)\n    at Async../node_modules/bluebird/js/release/async.js.Async._drainQueue (http://localhost:34459/__cypress/runner/cypress_runner.js:162140:16)\n    at Async../node_modules/bluebird/js/release/async.js.Async._drainQueues (http://localhost:34459/__cypress/runner/cypress_runner.js:162150:10)\n    at Async.drainQueues (http://localhost:34459/__cypress/runner/cypress_runner.js:162024:14)",
                "diff": null
              },
              "uuid": "c57553a9-e3b6-4643-81df-2134e3d54392",
              "parentUUID": "4fbb0161-ec6a-4e6c-8a3b-630b024a7053",
              "isHook": false,
              "skipped": false
            },
            {
              "title": "Verifica se somente o pixel que foi clicado foi preenchido com a cor selecionada, sem influenciar na cor dos demais pixels.",
              "fullTitle": "8 - Clicar em um pixel dentro do quadro após selecionar uma cor na paleta, faz com que o pixel seja preenchido com a cor selecionada. Verifica se somente o pixel que foi clicado foi preenchido com a cor selecionada, sem influenciar na cor dos demais pixels.",
              "timedOut": null,
              "duration": 1119,
              "state": "passed",
              "speed": "slow",
              "pass": true,
              "fail": false,
              "pending": false,
              "context": null,
              "code": "var colorToPixelIndexMap = {\n  0: 6,\n  1: 8,\n  2: 16,\n  3: 18\n};\ncy.get('.color').each(function (color, index) {\n  cy.wrap(color).click();\n  var backgroundColor = color.css('background-color');\n  var clickedPixelIndex = colorToPixelIndexMap[index];\n  cy.get('.pixel').eq(clickedPixelIndex).click();\n  cy.get('.pixel').eq(clickedPixelIndex - 1).should('not.have.css', 'background-color', backgroundColor);\n  cy.get('.pixel').eq(clickedPixelIndex + 1).should('not.have.css', 'background-color', backgroundColor);\n  cy.get('.pixel').eq(clickedPixelIndex - 5).should('not.have.css', 'background-color', backgroundColor);\n  cy.get('.pixel').eq(clickedPixelIndex + 5).should('not.have.css', 'background-color', backgroundColor);\n  cy.get('.pixel').eq(clickedPixelIndex - 6).should('not.have.css', 'background-color', backgroundColor);\n  cy.get('.pixel').eq(clickedPixelIndex - 4).should('not.have.css', 'background-color', backgroundColor);\n  cy.get('.pixel').eq(clickedPixelIndex + 4).should('not.have.css', 'background-color', backgroundColor);\n  cy.get('.pixel').eq(clickedPixelIndex + 6).should('not.have.css', 'background-color', backgroundColor);\n});",
              "err": {},
              "uuid": "14e6147d-5c6f-4d28-9694-2f87ba03943d",
              "parentUUID": "4fbb0161-ec6a-4e6c-8a3b-630b024a7053",
              "isHook": false,
              "skipped": false
            }
          ],
          "suites": [],
          "passes": [
            "14e6147d-5c6f-4d28-9694-2f87ba03943d"
          ],
          "failures": [
            "bf0fe152-39ac-44e4-ae18-a306e0a6d5c3",
            "c57553a9-e3b6-4643-81df-2134e3d54392"
          ],
          "pending": [],
          "skipped": [],
          "duration": 9773,
          "root": false,
          "rootEmpty": false,
          "_timeout": 2000
        },
        {
          "uuid": "ee815363-8fd3-42d7-9898-57082e677699",
          "title": "9 - Crie um botão que, ao ser clicado, limpa o quadro preenchendo a cor de todos seus pixels com branco.",
          "fullFile": "",
          "file": "",
          "beforeHooks": [],
          "afterHooks": [],
          "tests": [
            {
              "title": "Verifica se o botão tem o `id` denominado `clear-board`",
              "fullTitle": "9 - Crie um botão que, ao ser clicado, limpa o quadro preenchendo a cor de todos seus pixels com branco. Verifica se o botão tem o `id` denominado `clear-board`",
              "timedOut": null,
              "duration": 94,
              "state": "passed",
              "speed": "slow",
              "pass": true,
              "fail": false,
              "pending": false,
              "context": null,
              "code": "cy.get('#clear-board').should('be.visible');",
              "err": {},
              "uuid": "a6f2184f-b8f4-41cd-b287-b95715323efc",
              "parentUUID": "ee815363-8fd3-42d7-9898-57082e677699",
              "isHook": false,
              "skipped": false
            },
            {
              "title": "Verifica se o botão está posicionado entre a paleta de cores e o quadro de pixels",
              "fullTitle": "9 - Crie um botão que, ao ser clicado, limpa o quadro preenchendo a cor de todos seus pixels com branco. Verifica se o botão está posicionado entre a paleta de cores e o quadro de pixels",
              "timedOut": null,
              "duration": 84,
              "state": "passed",
              "speed": "slow",
              "pass": true,
              "fail": false,
              "pending": false,
              "context": null,
              "code": "cy.get('#color-palette').then(function (palette) {\n  cy.get('#clear-board').should('be.belowOf', palette);\n});\ncy.get('#clear-board').then(function (clearBtn) {\n  cy.get('#pixel-board').should('be.belowOf', clearBtn);\n});",
              "err": {},
              "uuid": "4751c31b-55dc-4cdc-a73d-7b4ef89eecd2",
              "parentUUID": "ee815363-8fd3-42d7-9898-57082e677699",
              "isHook": false,
              "skipped": false
            },
            {
              "title": "Verifica se o texto do botão é 'Limpar'",
              "fullTitle": "9 - Crie um botão que, ao ser clicado, limpa o quadro preenchendo a cor de todos seus pixels com branco. Verifica se o texto do botão é 'Limpar'",
              "timedOut": null,
              "duration": 49,
              "state": "passed",
              "speed": "medium",
              "pass": true,
              "fail": false,
              "pending": false,
              "context": null,
              "code": "cy.get('#clear-board').should('contain.text', 'Limpar');",
              "err": {},
              "uuid": "c45ece8d-7b11-47a6-a7f5-1c55ad1c300f",
              "parentUUID": "ee815363-8fd3-42d7-9898-57082e677699",
              "isHook": false,
              "skipped": false
            },
            {
              "title": "Verifica se ao clicar no botão, o quadro de pixels é totalmente preenchido de branco",
              "fullTitle": "9 - Crie um botão que, ao ser clicado, limpa o quadro preenchendo a cor de todos seus pixels com branco. Verifica se ao clicar no botão, o quadro de pixels é totalmente preenchido de branco",
              "timedOut": null,
              "duration": 4283,
              "state": "failed",
              "speed": null,
              "pass": false,
              "fail": true,
              "pending": false,
              "context": null,
              "code": "cy.get('.color').eq(1).then(function (color) {\n  var backgroundColor = color.css('background-color');\n  cy.wrap(color).click();\n  cy.get('.pixel').each(function (pixel) {\n    cy.wrap(pixel).click().should('have.css', 'background-color', backgroundColor);\n  });\n});\ncy.get('#clear-board').click();\ncy.get('.pixel').each(function (pixel) {\n  cy.wrap(pixel).should('have.css', 'background-color', WHITE);\n});",
              "err": {
                "message": "CypressError: Timed out retrying: expected '<div#px0.pixel>' to have CSS property 'background-color' with the value 'rgb(158, 1, 20)', but the value was 'rgb(255, 0, 0)'",
                "estack": "CypressError: Timed out retrying: expected '<div#px0.pixel>' to have CSS property 'background-color' with the value 'rgb(158, 1, 20)', but the value was 'rgb(255, 0, 0)'\n    at cypressErr (http://localhost:34459/__cypress/runner/cypress_runner.js:149934:9)\n    at throwErr (http://localhost:34459/__cypress/runner/cypress_runner.js:149867:11)\n    at Object.throwErrByPath (http://localhost:34459/__cypress/runner/cypress_runner.js:149915:3)\n    at retry (http://localhost:34459/__cypress/runner/cypress_runner.js:144197:19)\n    at onFailFn (http://localhost:34459/__cypress/runner/cypress_runner.js:132448:16)\n    at tryCatcher (http://localhost:34459/__cypress/runner/cypress_runner.js:167415:23)\n    at Promise._settlePromiseFromHandler (http://localhost:34459/__cypress/runner/cypress_runner.js:165351:31)\n    at Promise._settlePromise (http://localhost:34459/__cypress/runner/cypress_runner.js:165408:18)\n    at Promise._settlePromise0 (http://localhost:34459/__cypress/runner/cypress_runner.js:165453:10)\n    at Promise._settlePromises (http://localhost:34459/__cypress/runner/cypress_runner.js:165528:18)\n    at Async../node_modules/bluebird/js/release/async.js.Async._drainQueue (http://localhost:34459/__cypress/runner/cypress_runner.js:162140:16)\n    at Async../node_modules/bluebird/js/release/async.js.Async._drainQueues (http://localhost:34459/__cypress/runner/cypress_runner.js:162150:10)\n    at Async.drainQueues (http://localhost:34459/__cypress/runner/cypress_runner.js:162024:14)",
                "diff": null
              },
              "uuid": "fe119a91-af24-444c-a185-ad6482b82e97",
              "parentUUID": "ee815363-8fd3-42d7-9898-57082e677699",
              "isHook": false,
              "skipped": false
            }
          ],
          "suites": [],
          "passes": [
            "a6f2184f-b8f4-41cd-b287-b95715323efc",
            "4751c31b-55dc-4cdc-a73d-7b4ef89eecd2",
            "c45ece8d-7b11-47a6-a7f5-1c55ad1c300f"
          ],
          "failures": [
            "fe119a91-af24-444c-a185-ad6482b82e97"
          ],
          "pending": [],
          "skipped": [],
          "duration": 4510,
          "root": false,
          "rootEmpty": false,
          "_timeout": 2000
        },
        {
          "uuid": "feeff39f-0995-4f1b-8cb7-badf1e8e3281",
          "title": "10 - Faça o quadro de pixels ter seu tamanho definido pelo usuário.",
          "fullFile": "",
          "file": "",
          "beforeHooks": [],
          "afterHooks": [],
          "tests": [
            {
              "title": "Verifica se existe um input com o id `board-size`",
              "fullTitle": "10 - Faça o quadro de pixels ter seu tamanho definido pelo usuário. Verifica se existe um input com o id `board-size`",
              "timedOut": null,
              "duration": 4235,
              "state": "failed",
              "speed": null,
              "pass": false,
              "fail": true,
              "pending": false,
              "context": null,
              "code": "cy.get('#board-size').should('be.visible');",
              "err": {
                "message": "CypressError: Timed out retrying: Expected to find element: '#board-size', but never found it.",
                "estack": "CypressError: Timed out retrying: Expected to find element: '#board-size', but never found it.\n    at cypressErr (http://localhost:34459/__cypress/runner/cypress_runner.js:149934:9)\n    at throwErr (http://localhost:34459/__cypress/runner/cypress_runner.js:149867:11)\n    at Object.throwErrByPath (http://localhost:34459/__cypress/runner/cypress_runner.js:149915:3)\n    at retry (http://localhost:34459/__cypress/runner/cypress_runner.js:144197:19)\n    at onFailFn (http://localhost:34459/__cypress/runner/cypress_runner.js:132448:16)\n    at tryCatcher (http://localhost:34459/__cypress/runner/cypress_runner.js:167415:23)\n    at Promise._settlePromiseFromHandler (http://localhost:34459/__cypress/runner/cypress_runner.js:165351:31)\n    at Promise._settlePromise (http://localhost:34459/__cypress/runner/cypress_runner.js:165408:18)\n    at Promise._settlePromise0 (http://localhost:34459/__cypress/runner/cypress_runner.js:165453:10)\n    at Promise._settlePromises (http://localhost:34459/__cypress/runner/cypress_runner.js:165528:18)\n    at Async../node_modules/bluebird/js/release/async.js.Async._drainQueue (http://localhost:34459/__cypress/runner/cypress_runner.js:162140:16)\n    at Async../node_modules/bluebird/js/release/async.js.Async._drainQueues (http://localhost:34459/__cypress/runner/cypress_runner.js:162150:10)\n    at Async.drainQueues (http://localhost:34459/__cypress/runner/cypress_runner.js:162024:14)",
                "diff": null
              },
              "uuid": "4e9cb151-6bb1-41a9-a58f-74b424de6b25",
              "parentUUID": "feeff39f-0995-4f1b-8cb7-badf1e8e3281",
              "isHook": false,
              "skipped": false
            },
            {
              "title": "Verifica se existe um botão com o id `generate-board`",
              "fullTitle": "10 - Faça o quadro de pixels ter seu tamanho definido pelo usuário. Verifica se existe um botão com o id `generate-board`",
              "timedOut": null,
              "duration": 4227,
              "state": "failed",
              "speed": null,
              "pass": false,
              "fail": true,
              "pending": false,
              "context": null,
              "code": "cy.get('#generate-board').should('be.visible');",
              "err": {
                "message": "CypressError: Timed out retrying: Expected to find element: '#generate-board', but never found it.",
                "estack": "CypressError: Timed out retrying: Expected to find element: '#generate-board', but never found it.\n    at cypressErr (http://localhost:34459/__cypress/runner/cypress_runner.js:149934:9)\n    at throwErr (http://localhost:34459/__cypress/runner/cypress_runner.js:149867:11)\n    at Object.throwErrByPath (http://localhost:34459/__cypress/runner/cypress_runner.js:149915:3)\n    at retry (http://localhost:34459/__cypress/runner/cypress_runner.js:144197:19)\n    at onFailFn (http://localhost:34459/__cypress/runner/cypress_runner.js:132448:16)\n    at tryCatcher (http://localhost:34459/__cypress/runner/cypress_runner.js:167415:23)\n    at Promise._settlePromiseFromHandler (http://localhost:34459/__cypress/runner/cypress_runner.js:165351:31)\n    at Promise._settlePromise (http://localhost:34459/__cypress/runner/cypress_runner.js:165408:18)\n    at Promise._settlePromise0 (http://localhost:34459/__cypress/runner/cypress_runner.js:165453:10)\n    at Promise._settlePromises (http://localhost:34459/__cypress/runner/cypress_runner.js:165528:18)\n    at Async../node_modules/bluebird/js/release/async.js.Async._drainQueue (http://localhost:34459/__cypress/runner/cypress_runner.js:162140:16)\n    at Async../node_modules/bluebird/js/release/async.js.Async._drainQueues (http://localhost:34459/__cypress/runner/cypress_runner.js:162150:10)\n    at Async.drainQueues (http://localhost:34459/__cypress/runner/cypress_runner.js:162024:14)",
                "diff": null
              },
              "uuid": "10801bac-52c0-4311-8927-a5adc7825773",
              "parentUUID": "feeff39f-0995-4f1b-8cb7-badf1e8e3281",
              "isHook": false,
              "skipped": false
            },
            {
              "title": "Verifica se o input só aceita número maiores que zero. Essa restrição deve ser feita usando os atributos do elemento `input`",
              "fullTitle": "10 - Faça o quadro de pixels ter seu tamanho definido pelo usuário. Verifica se o input só aceita número maiores que zero. Essa restrição deve ser feita usando os atributos do elemento `input`",
              "timedOut": null,
              "duration": 4212,
              "state": "failed",
              "speed": null,
              "pass": false,
              "fail": true,
              "pending": false,
              "context": null,
              "code": "cy.get('#board-size[type=\\'number\\'][min=\\'1\\']');",
              "err": {
                "message": "CypressError: Timed out retrying: Expected to find element: '#board-size[type='number'][min='1']', but never found it.",
                "estack": "CypressError: Timed out retrying: Expected to find element: '#board-size[type='number'][min='1']', but never found it.\n    at cypressErr (http://localhost:34459/__cypress/runner/cypress_runner.js:149934:9)\n    at throwErr (http://localhost:34459/__cypress/runner/cypress_runner.js:149867:11)\n    at Object.throwErrByPath (http://localhost:34459/__cypress/runner/cypress_runner.js:149915:3)\n    at retry (http://localhost:34459/__cypress/runner/cypress_runner.js:144197:19)\n    at onFailFn (http://localhost:34459/__cypress/runner/cypress_runner.js:132448:16)\n    at tryCatcher (http://localhost:34459/__cypress/runner/cypress_runner.js:167415:23)\n    at Promise._settlePromiseFromHandler (http://localhost:34459/__cypress/runner/cypress_runner.js:165351:31)\n    at Promise._settlePromise (http://localhost:34459/__cypress/runner/cypress_runner.js:165408:18)\n    at Promise._settlePromise0 (http://localhost:34459/__cypress/runner/cypress_runner.js:165453:10)\n    at Promise._settlePromises (http://localhost:34459/__cypress/runner/cypress_runner.js:165528:18)\n    at Async../node_modules/bluebird/js/release/async.js.Async._drainQueue (http://localhost:34459/__cypress/runner/cypress_runner.js:162140:16)\n    at Async../node_modules/bluebird/js/release/async.js.Async._drainQueues (http://localhost:34459/__cypress/runner/cypress_runner.js:162150:10)\n    at Async.drainQueues (http://localhost:34459/__cypress/runner/cypress_runner.js:162024:14)",
                "diff": null
              },
              "uuid": "b0a532ad-c8fa-4b01-a35f-fefc5c6c35ca",
              "parentUUID": "feeff39f-0995-4f1b-8cb7-badf1e8e3281",
              "isHook": false,
              "skipped": false
            },
            {
              "title": "Verifica se o botão contém o texto 'VQV'",
              "fullTitle": "10 - Faça o quadro de pixels ter seu tamanho definido pelo usuário. Verifica se o botão contém o texto 'VQV'",
              "timedOut": null,
              "duration": 4191,
              "state": "failed",
              "speed": null,
              "pass": false,
              "fail": true,
              "pending": false,
              "context": null,
              "code": "cy.get('#generate-board').contains(/vqv/i);",
              "err": {
                "message": "CypressError: Timed out retrying: Expected to find element: '#generate-board', but never found it.",
                "estack": "CypressError: Timed out retrying: Expected to find element: '#generate-board', but never found it.\n    at cypressErr (http://localhost:34459/__cypress/runner/cypress_runner.js:149934:9)\n    at throwErr (http://localhost:34459/__cypress/runner/cypress_runner.js:149867:11)\n    at Object.throwErrByPath (http://localhost:34459/__cypress/runner/cypress_runner.js:149915:3)\n    at retry (http://localhost:34459/__cypress/runner/cypress_runner.js:144197:19)\n    at onFailFn (http://localhost:34459/__cypress/runner/cypress_runner.js:132448:16)\n    at tryCatcher (http://localhost:34459/__cypress/runner/cypress_runner.js:167415:23)\n    at Promise._settlePromiseFromHandler (http://localhost:34459/__cypress/runner/cypress_runner.js:165351:31)\n    at Promise._settlePromise (http://localhost:34459/__cypress/runner/cypress_runner.js:165408:18)\n    at Promise._settlePromise0 (http://localhost:34459/__cypress/runner/cypress_runner.js:165453:10)\n    at Promise._settlePromises (http://localhost:34459/__cypress/runner/cypress_runner.js:165528:18)\n    at Async../node_modules/bluebird/js/release/async.js.Async._drainQueue (http://localhost:34459/__cypress/runner/cypress_runner.js:162140:16)\n    at Async../node_modules/bluebird/js/release/async.js.Async._drainQueues (http://localhost:34459/__cypress/runner/cypress_runner.js:162150:10)\n    at Async.drainQueues (http://localhost:34459/__cypress/runner/cypress_runner.js:162024:14)",
                "diff": null
              },
              "uuid": "f9010b93-93b0-4bbc-9ad0-d3552b22de20",
              "parentUUID": "feeff39f-0995-4f1b-8cb7-badf1e8e3281",
              "isHook": false,
              "skipped": false
            },
            {
              "title": "Verifica se o input está posicionado entre a paleta de cores e o quadro de pixels",
              "fullTitle": "10 - Faça o quadro de pixels ter seu tamanho definido pelo usuário. Verifica se o input está posicionado entre a paleta de cores e o quadro de pixels",
              "timedOut": null,
              "duration": 4193,
              "state": "failed",
              "speed": null,
              "pass": false,
              "fail": true,
              "pending": false,
              "context": null,
              "code": "cy.get('#color-palette').then(function (palette) {\n  cy.get('#board-size').should('be.belowOf', palette);\n});\ncy.get('#board-size').then(function (palette) {\n  cy.get('#pixel-board').should('be.belowOf', palette);\n});",
              "err": {
                "message": "CypressError: Timed out retrying: Expected to find element: '#board-size', but never found it.",
                "estack": "CypressError: Timed out retrying: Expected to find element: '#board-size', but never found it.\n    at cypressErr (http://localhost:34459/__cypress/runner/cypress_runner.js:149934:9)\n    at throwErr (http://localhost:34459/__cypress/runner/cypress_runner.js:149867:11)\n    at Object.throwErrByPath (http://localhost:34459/__cypress/runner/cypress_runner.js:149915:3)\n    at retry (http://localhost:34459/__cypress/runner/cypress_runner.js:144197:19)\n    at onFailFn (http://localhost:34459/__cypress/runner/cypress_runner.js:132448:16)\n    at tryCatcher (http://localhost:34459/__cypress/runner/cypress_runner.js:167415:23)\n    at Promise._settlePromiseFromHandler (http://localhost:34459/__cypress/runner/cypress_runner.js:165351:31)\n    at Promise._settlePromise (http://localhost:34459/__cypress/runner/cypress_runner.js:165408:18)\n    at Promise._settlePromise0 (http://localhost:34459/__cypress/runner/cypress_runner.js:165453:10)\n    at Promise._settlePromises (http://localhost:34459/__cypress/runner/cypress_runner.js:165528:18)\n    at Async../node_modules/bluebird/js/release/async.js.Async._drainQueue (http://localhost:34459/__cypress/runner/cypress_runner.js:162140:16)\n    at Async../node_modules/bluebird/js/release/async.js.Async._drainQueues (http://localhost:34459/__cypress/runner/cypress_runner.js:162150:10)\n    at Async.drainQueues (http://localhost:34459/__cypress/runner/cypress_runner.js:162024:14)",
                "diff": null
              },
              "uuid": "c50ac293-95df-453e-9bec-363e089493d5",
              "parentUUID": "feeff39f-0995-4f1b-8cb7-badf1e8e3281",
              "isHook": false,
              "skipped": false
            },
            {
              "title": "Verifica se o botão está posicionado ao lado do input",
              "fullTitle": "10 - Faça o quadro de pixels ter seu tamanho definido pelo usuário. Verifica se o botão está posicionado ao lado do input",
              "timedOut": null,
              "duration": 4186,
              "state": "failed",
              "speed": null,
              "pass": false,
              "fail": true,
              "pending": false,
              "context": null,
              "code": "cy.get('#board-size').then(function (board) {\n  cy.get('#generate-board').should('be.onTheRightOf', board);\n});",
              "err": {
                "message": "CypressError: Timed out retrying: Expected to find element: '#board-size', but never found it.",
                "estack": "CypressError: Timed out retrying: Expected to find element: '#board-size', but never found it.\n    at cypressErr (http://localhost:34459/__cypress/runner/cypress_runner.js:149934:9)\n    at throwErr (http://localhost:34459/__cypress/runner/cypress_runner.js:149867:11)\n    at Object.throwErrByPath (http://localhost:34459/__cypress/runner/cypress_runner.js:149915:3)\n    at retry (http://localhost:34459/__cypress/runner/cypress_runner.js:144197:19)\n    at onFailFn (http://localhost:34459/__cypress/runner/cypress_runner.js:132448:16)\n    at tryCatcher (http://localhost:34459/__cypress/runner/cypress_runner.js:167415:23)\n    at Promise._settlePromiseFromHandler (http://localhost:34459/__cypress/runner/cypress_runner.js:165351:31)\n    at Promise._settlePromise (http://localhost:34459/__cypress/runner/cypress_runner.js:165408:18)\n    at Promise._settlePromise0 (http://localhost:34459/__cypress/runner/cypress_runner.js:165453:10)\n    at Promise._settlePromises (http://localhost:34459/__cypress/runner/cypress_runner.js:165528:18)\n    at Async../node_modules/bluebird/js/release/async.js.Async._drainQueue (http://localhost:34459/__cypress/runner/cypress_runner.js:162140:16)\n    at Async../node_modules/bluebird/js/release/async.js.Async._drainQueues (http://localhost:34459/__cypress/runner/cypress_runner.js:162150:10)\n    at Async.drainQueues (http://localhost:34459/__cypress/runner/cypress_runner.js:162024:14)",
                "diff": null
              },
              "uuid": "b3f6ea56-a615-48f3-9010-a2de44c27d68",
              "parentUUID": "feeff39f-0995-4f1b-8cb7-badf1e8e3281",
              "isHook": false,
              "skipped": false
            },
            {
              "title": "Verifica se nenhum valor for colocado no input ao clicar no botão, um `alert` é exibido com o texto: 'Board inválido!'",
              "fullTitle": "10 - Faça o quadro de pixels ter seu tamanho definido pelo usuário. Verifica se nenhum valor for colocado no input ao clicar no botão, um `alert` é exibido com o texto: 'Board inválido!'",
              "timedOut": null,
              "duration": 4187,
              "state": "failed",
              "speed": null,
              "pass": false,
              "fail": true,
              "pending": false,
              "context": null,
              "code": "var alerted = false;\ncy.on('window:alert', function (msg) {\n  return alerted = msg;\n});\ncy.get('#generate-board').click().then(function () {\n  return expect(alerted).to.match(/Board inválido!/i);\n});",
              "err": {
                "message": "CypressError: Timed out retrying: Expected to find element: '#generate-board', but never found it.",
                "estack": "CypressError: Timed out retrying: Expected to find element: '#generate-board', but never found it.\n    at cypressErr (http://localhost:34459/__cypress/runner/cypress_runner.js:149934:9)\n    at throwErr (http://localhost:34459/__cypress/runner/cypress_runner.js:149867:11)\n    at Object.throwErrByPath (http://localhost:34459/__cypress/runner/cypress_runner.js:149915:3)\n    at retry (http://localhost:34459/__cypress/runner/cypress_runner.js:144197:19)\n    at onFailFn (http://localhost:34459/__cypress/runner/cypress_runner.js:132448:16)\n    at tryCatcher (http://localhost:34459/__cypress/runner/cypress_runner.js:167415:23)\n    at Promise._settlePromiseFromHandler (http://localhost:34459/__cypress/runner/cypress_runner.js:165351:31)\n    at Promise._settlePromise (http://localhost:34459/__cypress/runner/cypress_runner.js:165408:18)\n    at Promise._settlePromise0 (http://localhost:34459/__cypress/runner/cypress_runner.js:165453:10)\n    at Promise._settlePromises (http://localhost:34459/__cypress/runner/cypress_runner.js:165528:18)\n    at Async../node_modules/bluebird/js/release/async.js.Async._drainQueue (http://localhost:34459/__cypress/runner/cypress_runner.js:162140:16)\n    at Async../node_modules/bluebird/js/release/async.js.Async._drainQueues (http://localhost:34459/__cypress/runner/cypress_runner.js:162150:10)\n    at Async.drainQueues (http://localhost:34459/__cypress/runner/cypress_runner.js:162024:14)",
                "diff": null
              },
              "uuid": "6efa9b7d-7e57-4986-a410-6e00ae03f813",
              "parentUUID": "feeff39f-0995-4f1b-8cb7-badf1e8e3281",
              "isHook": false,
              "skipped": false
            },
            {
              "title": "Verifica se ao clicar no botão com um valor preenchido, o tamanho do board muda.",
              "fullTitle": "10 - Faça o quadro de pixels ter seu tamanho definido pelo usuário. Verifica se ao clicar no botão com um valor preenchido, o tamanho do board muda.",
              "timedOut": null,
              "duration": 4323,
              "state": "failed",
              "speed": null,
              "pass": false,
              "fail": true,
              "pending": false,
              "context": null,
              "code": "cy.get('#board-size').clear().type(10);\ncy.get('#generate-board').click();\ncy.get('.pixel').should('have.length', 100);",
              "err": {
                "message": "CypressError: Timed out retrying: Expected to find element: '#board-size', but never found it.",
                "estack": "CypressError: Timed out retrying: Expected to find element: '#board-size', but never found it.\n    at cypressErr (http://localhost:34459/__cypress/runner/cypress_runner.js:149934:9)\n    at throwErr (http://localhost:34459/__cypress/runner/cypress_runner.js:149867:11)\n    at Object.throwErrByPath (http://localhost:34459/__cypress/runner/cypress_runner.js:149915:3)\n    at retry (http://localhost:34459/__cypress/runner/cypress_runner.js:144197:19)\n    at onFailFn (http://localhost:34459/__cypress/runner/cypress_runner.js:132448:16)\n    at tryCatcher (http://localhost:34459/__cypress/runner/cypress_runner.js:167415:23)\n    at Promise._settlePromiseFromHandler (http://localhost:34459/__cypress/runner/cypress_runner.js:165351:31)\n    at Promise._settlePromise (http://localhost:34459/__cypress/runner/cypress_runner.js:165408:18)\n    at Promise._settlePromise0 (http://localhost:34459/__cypress/runner/cypress_runner.js:165453:10)\n    at Promise._settlePromises (http://localhost:34459/__cypress/runner/cypress_runner.js:165528:18)\n    at Async../node_modules/bluebird/js/release/async.js.Async._drainQueue (http://localhost:34459/__cypress/runner/cypress_runner.js:162140:16)\n    at Async../node_modules/bluebird/js/release/async.js.Async._drainQueues (http://localhost:34459/__cypress/runner/cypress_runner.js:162150:10)\n    at Async.drainQueues (http://localhost:34459/__cypress/runner/cypress_runner.js:162024:14)",
                "diff": null
              },
              "uuid": "e5afa53d-1ab7-422a-a33b-5d917c3918d1",
              "parentUUID": "feeff39f-0995-4f1b-8cb7-badf1e8e3281",
              "isHook": false,
              "skipped": false
            },
            {
              "title": "Verifica se o novo quadro tem todos os pixels preenchidos com a cor branca",
              "fullTitle": "10 - Faça o quadro de pixels ter seu tamanho definido pelo usuário. Verifica se o novo quadro tem todos os pixels preenchidos com a cor branca",
              "timedOut": null,
              "duration": 4228,
              "state": "failed",
              "speed": null,
              "pass": false,
              "fail": true,
              "pending": false,
              "context": null,
              "code": "cy.get('#board-size').clear().type(6);\ncy.get('#generate-board').click();\ncy.get('.pixel').should('have.length', 36).each(function (pixel) {\n  expect(pixel).to.have.css('background-color', WHITE);\n});",
              "err": {
                "message": "CypressError: Timed out retrying: Expected to find element: '#board-size', but never found it.",
                "estack": "CypressError: Timed out retrying: Expected to find element: '#board-size', but never found it.\n    at cypressErr (http://localhost:34459/__cypress/runner/cypress_runner.js:149934:9)\n    at throwErr (http://localhost:34459/__cypress/runner/cypress_runner.js:149867:11)\n    at Object.throwErrByPath (http://localhost:34459/__cypress/runner/cypress_runner.js:149915:3)\n    at retry (http://localhost:34459/__cypress/runner/cypress_runner.js:144197:19)\n    at onFailFn (http://localhost:34459/__cypress/runner/cypress_runner.js:132448:16)\n    at tryCatcher (http://localhost:34459/__cypress/runner/cypress_runner.js:167415:23)\n    at Promise._settlePromiseFromHandler (http://localhost:34459/__cypress/runner/cypress_runner.js:165351:31)\n    at Promise._settlePromise (http://localhost:34459/__cypress/runner/cypress_runner.js:165408:18)\n    at Promise._settlePromise0 (http://localhost:34459/__cypress/runner/cypress_runner.js:165453:10)\n    at Promise._settlePromises (http://localhost:34459/__cypress/runner/cypress_runner.js:165528:18)\n    at Async../node_modules/bluebird/js/release/async.js.Async._drainQueue (http://localhost:34459/__cypress/runner/cypress_runner.js:162140:16)\n    at Async../node_modules/bluebird/js/release/async.js.Async._drainQueues (http://localhost:34459/__cypress/runner/cypress_runner.js:162150:10)\n    at Async.drainQueues (http://localhost:34459/__cypress/runner/cypress_runner.js:162024:14)",
                "diff": null
              },
              "uuid": "245ee104-f7d1-49db-8658-c79ca4cb7b25",
              "parentUUID": "feeff39f-0995-4f1b-8cb7-badf1e8e3281",
              "isHook": false,
              "skipped": false
            }
          ],
          "suites": [],
          "passes": [],
          "failures": [
            "4e9cb151-6bb1-41a9-a58f-74b424de6b25",
            "10801bac-52c0-4311-8927-a5adc7825773",
            "b0a532ad-c8fa-4b01-a35f-fefc5c6c35ca",
            "f9010b93-93b0-4bbc-9ad0-d3552b22de20",
            "c50ac293-95df-453e-9bec-363e089493d5",
            "b3f6ea56-a615-48f3-9010-a2de44c27d68",
            "6efa9b7d-7e57-4986-a410-6e00ae03f813",
            "e5afa53d-1ab7-422a-a33b-5d917c3918d1",
            "245ee104-f7d1-49db-8658-c79ca4cb7b25"
          ],
          "pending": [],
          "skipped": [],
          "duration": 37982,
          "root": false,
          "rootEmpty": false,
          "_timeout": 2000
        },
        {
          "uuid": "6eb4e6b6-3d9d-462c-9b70-4b41613ce3b5",
          "title": "11 - Limite o tamanho mínimo e máximo do board.",
          "fullFile": "",
          "file": "",
          "beforeHooks": [],
          "afterHooks": [],
          "tests": [
            {
              "title": "Verifica se a altura máxima do board é 50",
              "fullTitle": "11 - Limite o tamanho mínimo e máximo do board. Verifica se a altura máxima do board é 50",
              "timedOut": null,
              "duration": 4201,
              "state": "failed",
              "speed": null,
              "pass": false,
              "fail": true,
              "pending": false,
              "context": null,
              "code": "cy.get('#board-size').clear().type(50);\ncy.get('#generate-board').click();\ncy.get('.pixel').should('have.length', 2500);",
              "err": {
                "message": "CypressError: Timed out retrying: Expected to find element: '#board-size', but never found it.",
                "estack": "CypressError: Timed out retrying: Expected to find element: '#board-size', but never found it.\n    at cypressErr (http://localhost:34459/__cypress/runner/cypress_runner.js:149934:9)\n    at throwErr (http://localhost:34459/__cypress/runner/cypress_runner.js:149867:11)\n    at Object.throwErrByPath (http://localhost:34459/__cypress/runner/cypress_runner.js:149915:3)\n    at retry (http://localhost:34459/__cypress/runner/cypress_runner.js:144197:19)\n    at onFailFn (http://localhost:34459/__cypress/runner/cypress_runner.js:132448:16)\n    at tryCatcher (http://localhost:34459/__cypress/runner/cypress_runner.js:167415:23)\n    at Promise._settlePromiseFromHandler (http://localhost:34459/__cypress/runner/cypress_runner.js:165351:31)\n    at Promise._settlePromise (http://localhost:34459/__cypress/runner/cypress_runner.js:165408:18)\n    at Promise._settlePromise0 (http://localhost:34459/__cypress/runner/cypress_runner.js:165453:10)\n    at Promise._settlePromises (http://localhost:34459/__cypress/runner/cypress_runner.js:165528:18)\n    at Async../node_modules/bluebird/js/release/async.js.Async._drainQueue (http://localhost:34459/__cypress/runner/cypress_runner.js:162140:16)\n    at Async../node_modules/bluebird/js/release/async.js.Async._drainQueues (http://localhost:34459/__cypress/runner/cypress_runner.js:162150:10)\n    at Async.drainQueues (http://localhost:34459/__cypress/runner/cypress_runner.js:162024:14)",
                "diff": null
              },
              "uuid": "612f46ba-93b3-4f82-a4a6-72eb7c48391d",
              "parentUUID": "6eb4e6b6-3d9d-462c-9b70-4b41613ce3b5",
              "isHook": false,
              "skipped": false
            },
            {
              "title": "Verifica se a altura do board é 5 quando um valor menor é colocado no input",
              "fullTitle": "11 - Limite o tamanho mínimo e máximo do board. Verifica se a altura do board é 5 quando um valor menor é colocado no input",
              "timedOut": null,
              "duration": 4228,
              "state": "failed",
              "speed": null,
              "pass": false,
              "fail": true,
              "pending": false,
              "context": null,
              "code": "cy.get('#board-size').clear().type(4);\ncy.get('#generate-board').click();\ncy.get('.pixel').should('have.length', 25);",
              "err": {
                "message": "CypressError: Timed out retrying: Expected to find element: '#board-size', but never found it.",
                "estack": "CypressError: Timed out retrying: Expected to find element: '#board-size', but never found it.\n    at cypressErr (http://localhost:34459/__cypress/runner/cypress_runner.js:149934:9)\n    at throwErr (http://localhost:34459/__cypress/runner/cypress_runner.js:149867:11)\n    at Object.throwErrByPath (http://localhost:34459/__cypress/runner/cypress_runner.js:149915:3)\n    at retry (http://localhost:34459/__cypress/runner/cypress_runner.js:144197:19)\n    at onFailFn (http://localhost:34459/__cypress/runner/cypress_runner.js:132448:16)\n    at tryCatcher (http://localhost:34459/__cypress/runner/cypress_runner.js:167415:23)\n    at Promise._settlePromiseFromHandler (http://localhost:34459/__cypress/runner/cypress_runner.js:165351:31)\n    at Promise._settlePromise (http://localhost:34459/__cypress/runner/cypress_runner.js:165408:18)\n    at Promise._settlePromise0 (http://localhost:34459/__cypress/runner/cypress_runner.js:165453:10)\n    at Promise._settlePromises (http://localhost:34459/__cypress/runner/cypress_runner.js:165528:18)\n    at Async../node_modules/bluebird/js/release/async.js.Async._drainQueue (http://localhost:34459/__cypress/runner/cypress_runner.js:162140:16)\n    at Async../node_modules/bluebird/js/release/async.js.Async._drainQueues (http://localhost:34459/__cypress/runner/cypress_runner.js:162150:10)\n    at Async.drainQueues (http://localhost:34459/__cypress/runner/cypress_runner.js:162024:14)",
                "diff": null
              },
              "uuid": "641adea1-e59b-4dc9-8212-75bbb61a37d4",
              "parentUUID": "6eb4e6b6-3d9d-462c-9b70-4b41613ce3b5",
              "isHook": false,
              "skipped": false
            },
            {
              "title": "Verifica se a altura do board é 50 quando um valor maior é colocado no input",
              "fullTitle": "11 - Limite o tamanho mínimo e máximo do board. Verifica se a altura do board é 50 quando um valor maior é colocado no input",
              "timedOut": null,
              "duration": 4207,
              "state": "failed",
              "speed": null,
              "pass": false,
              "fail": true,
              "pending": false,
              "context": null,
              "code": "cy.get('#board-size').clear().type(51);\ncy.get('#generate-board').click();\ncy.get('.pixel').should('have.length', 2500);",
              "err": {
                "message": "CypressError: Timed out retrying: Expected to find element: '#board-size', but never found it.",
                "estack": "CypressError: Timed out retrying: Expected to find element: '#board-size', but never found it.\n    at cypressErr (http://localhost:34459/__cypress/runner/cypress_runner.js:149934:9)\n    at throwErr (http://localhost:34459/__cypress/runner/cypress_runner.js:149867:11)\n    at Object.throwErrByPath (http://localhost:34459/__cypress/runner/cypress_runner.js:149915:3)\n    at retry (http://localhost:34459/__cypress/runner/cypress_runner.js:144197:19)\n    at onFailFn (http://localhost:34459/__cypress/runner/cypress_runner.js:132448:16)\n    at tryCatcher (http://localhost:34459/__cypress/runner/cypress_runner.js:167415:23)\n    at Promise._settlePromiseFromHandler (http://localhost:34459/__cypress/runner/cypress_runner.js:165351:31)\n    at Promise._settlePromise (http://localhost:34459/__cypress/runner/cypress_runner.js:165408:18)\n    at Promise._settlePromise0 (http://localhost:34459/__cypress/runner/cypress_runner.js:165453:10)\n    at Promise._settlePromises (http://localhost:34459/__cypress/runner/cypress_runner.js:165528:18)\n    at Async../node_modules/bluebird/js/release/async.js.Async._drainQueue (http://localhost:34459/__cypress/runner/cypress_runner.js:162140:16)\n    at Async../node_modules/bluebird/js/release/async.js.Async._drainQueues (http://localhost:34459/__cypress/runner/cypress_runner.js:162150:10)\n    at Async.drainQueues (http://localhost:34459/__cypress/runner/cypress_runner.js:162024:14)",
                "diff": null
              },
              "uuid": "84c7bc66-5ee5-44e7-b211-fe265284147c",
              "parentUUID": "6eb4e6b6-3d9d-462c-9b70-4b41613ce3b5",
              "isHook": false,
              "skipped": false
            }
          ],
          "suites": [],
          "passes": [],
          "failures": [
            "612f46ba-93b3-4f82-a4a6-72eb7c48391d",
            "641adea1-e59b-4dc9-8212-75bbb61a37d4",
            "84c7bc66-5ee5-44e7-b211-fe265284147c"
          ],
          "pending": [],
          "skipped": [],
          "duration": 12636,
          "root": false,
          "rootEmpty": false,
          "_timeout": 2000
        },
        {
          "uuid": "98f75827-dbb8-4c50-af3e-5c7fe203da05",
          "title": "12 - Faça com que as cores da paleta sejam geradas aleatoriamente ao carregar a página.",
          "fullFile": "",
          "file": "",
          "beforeHooks": [],
          "afterHooks": [],
          "tests": [
            {
              "title": "Verifica se as cores geradas na paleta são diferentes a cada carregamento da página",
              "fullTitle": "12 - Faça com que as cores da paleta sejam geradas aleatoriamente ao carregar a página. Verifica se as cores geradas na paleta são diferentes a cada carregamento da página",
              "timedOut": null,
              "duration": 308,
              "state": "failed",
              "speed": null,
              "pass": false,
              "fail": true,
              "pending": false,
              "context": null,
              "code": "cy.get('.color').then(function (colors) {\n  var currentColors;\n  var previousColors;\n  previousColors = Array.from(colors).map(function (color) {\n    return Cypress.$(color).css('background-color');\n  });\n  for (var i = 0; i < 5; i += 1) {\n    cy.reload();\n    cy.get('.color').then(function (colors) {\n      currentColors = Array.from(colors).map(function (color) {\n        return Cypress.$(color).css('background-color');\n      });\n      expect(currentColors).not.to.deep.equal(previousColors);\n      previousColors = currentColors;\n    });\n  }\n});",
              "err": {
                "message": "AssertionError: expected [ Array(4) ] to not deeply equal [ Array(4) ]",
                "estack": "AssertionError: expected [ Array(4) ] to not deeply equal [ Array(4) ]\n    at getRet (http://localhost:34459/__cypress/runner/cypress_runner.js:136585:16)\n    at tryCatcher (http://localhost:34459/__cypress/runner/cypress_runner.js:167415:23)\n    at Function.Promise.attempt.Promise.try (http://localhost:34459/__cypress/runner/cypress_runner.js:164690:29)\n    at Context.thenFn (http://localhost:34459/__cypress/runner/cypress_runner.js:136599:23)\n    at Context.then (http://localhost:34459/__cypress/runner/cypress_runner.js:136971:21)\n    at Context.<anonymous> (http://localhost:34459/__cypress/runner/cypress_runner.js:148875:21)\n    at http://localhost:34459/__cypress/runner/cypress_runner.js:148351:33\n    at tryCatcher (http://localhost:34459/__cypress/runner/cypress_runner.js:167415:23)\n    at Promise._settlePromiseFromHandler (http://localhost:34459/__cypress/runner/cypress_runner.js:165351:31)\n    at Promise._settlePromise (http://localhost:34459/__cypress/runner/cypress_runner.js:165408:18)\n    at Promise._settlePromiseCtx (http://localhost:34459/__cypress/runner/cypress_runner.js:165445:10)\n    at Async../node_modules/bluebird/js/release/async.js.Async._drainQueue (http://localhost:34459/__cypress/runner/cypress_runner.js:162145:12)\n    at Async../node_modules/bluebird/js/release/async.js.Async._drainQueues (http://localhost:34459/__cypress/runner/cypress_runner.js:162150:10)\n    at Async.drainQueues (http://localhost:34459/__cypress/runner/cypress_runner.js:162024:14)",
                "diff": ""
              },
              "uuid": "f9072ad3-b103-4902-b74e-2d9f91bea70c",
              "parentUUID": "98f75827-dbb8-4c50-af3e-5c7fe203da05",
              "isHook": false,
              "skipped": false
            },
            {
              "title": "Verifica se a cor preta ainda está presente e é a primeira na sua paleta de cores",
              "fullTitle": "12 - Faça com que as cores da paleta sejam geradas aleatoriamente ao carregar a página. Verifica se a cor preta ainda está presente e é a primeira na sua paleta de cores",
              "timedOut": null,
              "duration": 268,
              "state": "failed",
              "speed": null,
              "pass": false,
              "fail": true,
              "pending": false,
              "context": null,
              "code": "cy.get('.color').then(function (colors) {\n  var currentColors;\n  var previousColors;\n  previousColors = Array.from(colors).map(function (color) {\n    return Cypress.$(color).css('background-color');\n  });\n  expect(previousColors[0]).to.eq(BLACK);\n  for (var i = 0; i < 5; i += 1) {\n    cy.reload();\n    cy.get('.color').then(function (colors) {\n      currentColors = Array.from(colors).map(function (color) {\n        return Cypress.$(color).css('background-color');\n      });\n      expect(currentColors[0]).to.eq(BLACK);\n      expect(currentColors).not.to.deep.equal(previousColors);\n      previousColors = currentColors;\n    });\n  }\n});",
              "err": {
                "message": "AssertionError: expected [ Array(4) ] to not deeply equal [ Array(4) ]",
                "estack": "AssertionError: expected [ Array(4) ] to not deeply equal [ Array(4) ]\n    at getRet (http://localhost:34459/__cypress/runner/cypress_runner.js:136585:16)\n    at tryCatcher (http://localhost:34459/__cypress/runner/cypress_runner.js:167415:23)\n    at Function.Promise.attempt.Promise.try (http://localhost:34459/__cypress/runner/cypress_runner.js:164690:29)\n    at Context.thenFn (http://localhost:34459/__cypress/runner/cypress_runner.js:136599:23)\n    at Context.then (http://localhost:34459/__cypress/runner/cypress_runner.js:136971:21)\n    at Context.<anonymous> (http://localhost:34459/__cypress/runner/cypress_runner.js:148875:21)\n    at http://localhost:34459/__cypress/runner/cypress_runner.js:148351:33\n    at tryCatcher (http://localhost:34459/__cypress/runner/cypress_runner.js:167415:23)\n    at Promise._settlePromiseFromHandler (http://localhost:34459/__cypress/runner/cypress_runner.js:165351:31)\n    at Promise._settlePromise (http://localhost:34459/__cypress/runner/cypress_runner.js:165408:18)\n    at Promise._settlePromiseCtx (http://localhost:34459/__cypress/runner/cypress_runner.js:165445:10)\n    at Async../node_modules/bluebird/js/release/async.js.Async._drainQueue (http://localhost:34459/__cypress/runner/cypress_runner.js:162145:12)\n    at Async../node_modules/bluebird/js/release/async.js.Async._drainQueues (http://localhost:34459/__cypress/runner/cypress_runner.js:162150:10)\n    at Async.drainQueues (http://localhost:34459/__cypress/runner/cypress_runner.js:162024:14)",
                "diff": ""
              },
              "uuid": "6051e214-c8d2-4c0a-88db-b48bbf3b56a2",
              "parentUUID": "98f75827-dbb8-4c50-af3e-5c7fe203da05",
              "isHook": false,
              "skipped": false
            }
          ],
          "suites": [],
          "passes": [],
          "failures": [
            "f9072ad3-b103-4902-b74e-2d9f91bea70c",
            "6051e214-c8d2-4c0a-88db-b48bbf3b56a2"
          ],
          "pending": [],
          "skipped": [],
          "duration": 576,
          "root": false,
          "rootEmpty": false,
          "_timeout": 2000
        }
      ],
      "passes": [],
      "failures": [],
      "pending": [],
      "skipped": [],
      "duration": 0,
      "root": true,
      "rootEmpty": true,
      "_timeout": 2000
    }
  ],
  "meta": {
    "mocha": {
      "version": "7.0.1"
    },
    "mochawesome": {
      "options": {
        "quiet": false,
        "reportFilename": "mochawesome",
        "saveHtml": false,
        "saveJson": true,
        "consoleReporter": "spec",
        "useInlineDiffs": false
      },
      "version": "4.1.0"
    },
    "marge": {
      "options": {
        "id": "default",
        "reportDir": "cypress/reports",
        "overwrite": true,
        "html": false,
        "json": true
      },
      "version": "4.1.0"
    }
  }
}