{
  "stats": {
    "suites": 12,
    "tests": 41,
    "passes": 28,
    "pending": 0,
    "failures": 13,
    "start": "2022-04-22T22:17:22.402Z",
    "end": "2022-04-22T22:18:43.200Z",
    "duration": 80798,
    "testsRegistered": 41,
    "passPercent": 68.29268292682927,
    "pendingPercent": 0,
    "other": 0,
    "hasOther": false,
    "skipped": 0,
    "hasSkipped": false
  },
  "results": [
    {
      "uuid": "63584b5e-ffb1-4fd8-965a-97ef45a248d6",
      "title": "",
      "fullFile": "cypress/integration/project.spec.js",
      "file": "cypress/integration/project.spec.js",
      "beforeHooks": [],
      "afterHooks": [],
      "tests": [],
      "suites": [
        {
          "uuid": "c216fe16-ec0d-4ce7-9640-1bc5b59f6487",
          "title": "1 - Adicione à página o título \"Paleta de Cores\".",
          "fullFile": "",
          "file": "",
          "beforeHooks": [],
          "afterHooks": [],
          "tests": [
            {
              "title": "Verifica se contém um elemento `h1` com o id `title` com o título correto",
              "fullTitle": "1 - Adicione à página o título \"Paleta de Cores\". Verifica se contém um elemento `h1` com o id `title` com o título correto",
              "timedOut": null,
              "duration": 654,
              "state": "passed",
              "speed": "slow",
              "pass": true,
              "fail": false,
              "pending": false,
              "context": null,
              "code": "cy.get('h1#title').should('contain.text', 'Paleta de Cores');",
              "err": {},
              "uuid": "2a9f66ab-c88a-4bcb-8115-6ff2ff57bb6e",
              "parentUUID": "c216fe16-ec0d-4ce7-9640-1bc5b59f6487",
              "isHook": false,
              "skipped": false
            }
          ],
          "suites": [],
          "passes": [
            "2a9f66ab-c88a-4bcb-8115-6ff2ff57bb6e"
          ],
          "failures": [],
          "pending": [],
          "skipped": [],
          "duration": 654,
          "root": false,
          "rootEmpty": false,
          "_timeout": 2000
        },
        {
          "uuid": "fee2fdf4-4075-471f-ac11-096acb3e4362",
          "title": "2 - Adicione à página uma paleta de quatro cores distintas.",
          "fullFile": "",
          "file": "",
          "beforeHooks": [],
          "afterHooks": [],
          "tests": [
            {
              "title": "A paleta de cores deve ser um elemento com `id` denominado `color-palette` e ter mais de 0px de altura e de largura.",
              "fullTitle": "2 - Adicione à página uma paleta de quatro cores distintas. A paleta de cores deve ser um elemento com `id` denominado `color-palette` e ter mais de 0px de altura e de largura.",
              "timedOut": null,
              "duration": 78,
              "state": "passed",
              "speed": "slow",
              "pass": true,
              "fail": false,
              "pending": false,
              "context": null,
              "code": "cy.get('#color-palette').should('be.visible');\ncy.get('#color-palette').children('.color');",
              "err": {},
              "uuid": "4ce010be-2de3-4212-b122-48c435f10cf2",
              "parentUUID": "fee2fdf4-4075-471f-ac11-096acb3e4362",
              "isHook": false,
              "skipped": false
            },
            {
              "title": "Verifica se cada cor individual da paleta de cores possui a `classe` chamada `color`.",
              "fullTitle": "2 - Adicione à página uma paleta de quatro cores distintas. Verifica se cada cor individual da paleta de cores possui a `classe` chamada `color`.",
              "timedOut": null,
              "duration": 100,
              "state": "passed",
              "speed": "slow",
              "pass": true,
              "fail": false,
              "pending": false,
              "context": null,
              "code": "cy.get('.color').should('have.length', 4).then(function (colors) {\n  for (var i = 0; i < colors.length; i++) {\n    cy.wrap(colors[i]).should('be.visible');\n  }\n});",
              "err": {},
              "uuid": "96a8c10a-2152-4d10-aea7-658ab59cb6cc",
              "parentUUID": "fee2fdf4-4075-471f-ac11-096acb3e4362",
              "isHook": false,
              "skipped": false
            },
            {
              "title": "Verifica se a cor de fundo de cada elemento da paleta é a cor que o elemento representa. **A única cor não permitida na paleta é a cor branca.**",
              "fullTitle": "2 - Adicione à página uma paleta de quatro cores distintas. Verifica se a cor de fundo de cada elemento da paleta é a cor que o elemento representa. **A única cor não permitida na paleta é a cor branca.**",
              "timedOut": null,
              "duration": 86,
              "state": "passed",
              "speed": "slow",
              "pass": true,
              "fail": false,
              "pending": false,
              "context": null,
              "code": "cy.get('.color').each(function (color) {\n  cy.wrap(color).should('have.class', 'color').and('not.have.css', 'background-color', WHITE);\n  cy.wrap(color).should('have.css', 'background-color');\n});",
              "err": {},
              "uuid": "730ae12a-15d2-4b39-82a7-c121add67ca9",
              "parentUUID": "fee2fdf4-4075-471f-ac11-096acb3e4362",
              "isHook": false,
              "skipped": false
            },
            {
              "title": "Verifica se cada elemento da paleta de cores tem uma borda preta, sólida e com 1 pixel de largura;",
              "fullTitle": "2 - Adicione à página uma paleta de quatro cores distintas. Verifica se cada elemento da paleta de cores tem uma borda preta, sólida e com 1 pixel de largura;",
              "timedOut": null,
              "duration": 82,
              "state": "passed",
              "speed": "slow",
              "pass": true,
              "fail": false,
              "pending": false,
              "context": null,
              "code": "cy.get('.color').each(function (color) {\n  cy.wrap(color).and('have.css', 'border', \"1px solid \".concat(BLACK)).and('have.class', 'color');\n});",
              "err": {},
              "uuid": "ed40e160-0499-42cd-94e3-846f1f85db1b",
              "parentUUID": "fee2fdf4-4075-471f-ac11-096acb3e4362",
              "isHook": false,
              "skipped": false
            },
            {
              "title": "Verifica se a paleta lista todas as cores disponíveis para utilização, lado a lado.",
              "fullTitle": "2 - Adicione à página uma paleta de quatro cores distintas. Verifica se a paleta lista todas as cores disponíveis para utilização, lado a lado.",
              "timedOut": null,
              "duration": 57,
              "state": "passed",
              "speed": "medium",
              "pass": true,
              "fail": false,
              "pending": false,
              "context": null,
              "code": "cy.get('.color').then(function (colors) {\n  for (var index = 1; index < colors.length; index += 1) {\n    var currentColor = colors[index];\n    var previousColor = colors[index - 1];\n    cy.wrap(currentColor).should('be.onTheRightOf', previousColor).and('be.horizontallyAlignedWith', previousColor);\n  }\n});",
              "err": {},
              "uuid": "3e8b9dac-b31e-4ef3-8a92-c3dd7512ef0e",
              "parentUUID": "fee2fdf4-4075-471f-ac11-096acb3e4362",
              "isHook": false,
              "skipped": false
            },
            {
              "title": "Verifica se a paleta de cores está posicionada abaixo do título 'Paleta de Cores'",
              "fullTitle": "2 - Adicione à página uma paleta de quatro cores distintas. Verifica se a paleta de cores está posicionada abaixo do título 'Paleta de Cores'",
              "timedOut": null,
              "duration": 57,
              "state": "passed",
              "speed": "medium",
              "pass": true,
              "fail": false,
              "pending": false,
              "context": null,
              "code": "cy.get('h1#title').then(function (title) {\n  cy.get('#color-palette').should('be.belowOf', title);\n});",
              "err": {},
              "uuid": "8dc1c652-5f8e-444f-8b13-08341ef47733",
              "parentUUID": "fee2fdf4-4075-471f-ac11-096acb3e4362",
              "isHook": false,
              "skipped": false
            },
            {
              "title": "Verifica se a paleta de cores não contém cores repetidas.",
              "fullTitle": "2 - Adicione à página uma paleta de quatro cores distintas. Verifica se a paleta de cores não contém cores repetidas.",
              "timedOut": null,
              "duration": 54,
              "state": "passed",
              "speed": "medium",
              "pass": true,
              "fail": false,
              "pending": false,
              "context": null,
              "code": "cy.get('.color').then(function (colors) {\n  var allColors = Array.from(colors).map(function (color) {\n    return Cypress.$(color).css('background-color');\n  });\n  cy.log(allColors);\n  var uniqColors = (0, _toConsumableArray2[\"default\"])(new Set(allColors));\n  cy.log(uniqColors);\n  expect(allColors.length).to.eq(uniqColors.length);\n});",
              "err": {},
              "uuid": "27ef4f53-c654-4727-85a0-00fa2caca54d",
              "parentUUID": "fee2fdf4-4075-471f-ac11-096acb3e4362",
              "isHook": false,
              "skipped": false
            }
          ],
          "suites": [],
          "passes": [
            "4ce010be-2de3-4212-b122-48c435f10cf2",
            "96a8c10a-2152-4d10-aea7-658ab59cb6cc",
            "730ae12a-15d2-4b39-82a7-c121add67ca9",
            "ed40e160-0499-42cd-94e3-846f1f85db1b",
            "3e8b9dac-b31e-4ef3-8a92-c3dd7512ef0e",
            "8dc1c652-5f8e-444f-8b13-08341ef47733",
            "27ef4f53-c654-4727-85a0-00fa2caca54d"
          ],
          "failures": [],
          "pending": [],
          "skipped": [],
          "duration": 514,
          "root": false,
          "rootEmpty": false,
          "_timeout": 2000
        },
        {
          "uuid": "5befa07c-e881-4b14-9914-9cba275ca129",
          "title": "3 - Adicione a cor **preta** como a primeira cor da paleta de cores.",
          "fullFile": "",
          "file": "",
          "beforeHooks": [],
          "afterHooks": [],
          "tests": [
            {
              "title": "Verifica se a primeira cor da paleta é preta",
              "fullTitle": "3 - Adicione a cor **preta** como a primeira cor da paleta de cores. Verifica se a primeira cor da paleta é preta",
              "timedOut": null,
              "duration": 71,
              "state": "passed",
              "speed": "medium",
              "pass": true,
              "fail": false,
              "pending": false,
              "context": null,
              "code": "cy.get('.color').first().should('have.css', 'background-color', BLACK);",
              "err": {},
              "uuid": "450a7bb0-cc66-4128-a7d1-59b359e8c60d",
              "parentUUID": "5befa07c-e881-4b14-9914-9cba275ca129",
              "isHook": false,
              "skipped": false
            },
            {
              "title": "Verifica se as demais cores podem ser escolhidas livremente.",
              "fullTitle": "3 - Adicione a cor **preta** como a primeira cor da paleta de cores. Verifica se as demais cores podem ser escolhidas livremente.",
              "timedOut": null,
              "duration": 129,
              "state": "passed",
              "speed": "slow",
              "pass": true,
              "fail": false,
              "pending": false,
              "context": null,
              "code": "cy.get('.color').eq(1).should('not.have.css', 'background-color', BLACK);\ncy.get('.color').eq(1).should('not.have.css', 'background-color', WHITE);\ncy.get('.color').eq(1).should('not.have.css', 'background-color', 'rgba(0, 0, 0, 0)');\ncy.get('.color').eq(1).should('have.css', 'background-color');\ncy.get('.color').eq(2).should('not.have.css', 'background-color', BLACK);\ncy.get('.color').eq(2).should('not.have.css', 'background-color', WHITE);\ncy.get('.color').eq(2).should('not.have.css', 'background-color', 'rgba(0, 0, 0, 0)');\ncy.get('.color').eq(2).should('have.css', 'background-color');\ncy.get('.color').eq(3).should('not.have.css', 'background-color', BLACK);\ncy.get('.color').eq(3).should('not.have.css', 'background-color', WHITE);\ncy.get('.color').eq(3).should('not.have.css', 'background-color', 'rgba(0, 0, 0, 0)');\ncy.get('.color').eq(3).should('have.css', 'background-color');",
              "err": {},
              "uuid": "4e6c9acb-f18e-4771-95fc-d8990475befe",
              "parentUUID": "5befa07c-e881-4b14-9914-9cba275ca129",
              "isHook": false,
              "skipped": false
            }
          ],
          "suites": [],
          "passes": [
            "450a7bb0-cc66-4128-a7d1-59b359e8c60d",
            "4e6c9acb-f18e-4771-95fc-d8990475befe"
          ],
          "failures": [],
          "pending": [],
          "skipped": [],
          "duration": 200,
          "root": false,
          "rootEmpty": false,
          "_timeout": 2000
        },
        {
          "uuid": "d835a687-20ed-44ac-a865-6ccdd628f4cc",
          "title": "4 - Adicione à página um quadro de pixels, com 25 pixels.",
          "fullFile": "",
          "file": "",
          "beforeHooks": [],
          "afterHooks": [],
          "tests": [
            {
              "title": "Verifica se o quadro de pixels possui o `id` denominado `pixel-board`",
              "fullTitle": "4 - Adicione à página um quadro de pixels, com 25 pixels. Verifica se o quadro de pixels possui o `id` denominado `pixel-board`",
              "timedOut": null,
              "duration": 50,
              "state": "passed",
              "speed": "medium",
              "pass": true,
              "fail": false,
              "pending": false,
              "context": null,
              "code": "cy.get('#pixel-board').should('be.visible');",
              "err": {},
              "uuid": "82ab2d10-f1d8-4e62-aaec-f4e115d5b5c1",
              "parentUUID": "d835a687-20ed-44ac-a865-6ccdd628f4cc",
              "isHook": false,
              "skipped": false
            },
            {
              "title": "Verifica se cada pixel individual dentro do quadro possui a `classe` denominada `pixel`.",
              "fullTitle": "4 - Adicione à página um quadro de pixels, com 25 pixels. Verifica se cada pixel individual dentro do quadro possui a `classe` denominada `pixel`.",
              "timedOut": null,
              "duration": 90,
              "state": "passed",
              "speed": "slow",
              "pass": true,
              "fail": false,
              "pending": false,
              "context": null,
              "code": "cy.get('.pixel').should('have.length', 25);",
              "err": {},
              "uuid": "2166808e-148b-41d0-8f0b-9f4c846339ed",
              "parentUUID": "d835a687-20ed-44ac-a865-6ccdd628f4cc",
              "isHook": false,
              "skipped": false
            },
            {
              "title": "Verifica se a cor inicial dos pixels dentro do quadro, ao abrir a página, é branca.",
              "fullTitle": "4 - Adicione à página um quadro de pixels, com 25 pixels. Verifica se a cor inicial dos pixels dentro do quadro, ao abrir a página, é branca.",
              "timedOut": null,
              "duration": 110,
              "state": "passed",
              "speed": "slow",
              "pass": true,
              "fail": false,
              "pending": false,
              "context": null,
              "code": "cy.get('.pixel').should('have.length', 25).each(function (pixel) {\n  expect(pixel).to.have.css('background-color', WHITE);\n});",
              "err": {},
              "uuid": "0d147abf-f1dd-4349-b436-6ee4cc638531",
              "parentUUID": "d835a687-20ed-44ac-a865-6ccdd628f4cc",
              "isHook": false,
              "skipped": false
            },
            {
              "title": "Verifica se o quadro de pixels aparece abaixo da paleta de cores",
              "fullTitle": "4 - Adicione à página um quadro de pixels, com 25 pixels. Verifica se o quadro de pixels aparece abaixo da paleta de cores",
              "timedOut": null,
              "duration": 51,
              "state": "passed",
              "speed": "medium",
              "pass": true,
              "fail": false,
              "pending": false,
              "context": null,
              "code": "cy.get('#color-palette').then(function (palette) {\n  cy.get('#pixel-board').should('be.belowOf', palette);\n});",
              "err": {},
              "uuid": "f2c91396-ae17-4ce4-b61f-ea3da56f9008",
              "parentUUID": "d835a687-20ed-44ac-a865-6ccdd628f4cc",
              "isHook": false,
              "skipped": false
            }
          ],
          "suites": [],
          "passes": [
            "82ab2d10-f1d8-4e62-aaec-f4e115d5b5c1",
            "2166808e-148b-41d0-8f0b-9f4c846339ed",
            "0d147abf-f1dd-4349-b436-6ee4cc638531",
            "f2c91396-ae17-4ce4-b61f-ea3da56f9008"
          ],
          "failures": [],
          "pending": [],
          "skipped": [],
          "duration": 301,
          "root": false,
          "rootEmpty": false,
          "_timeout": 2000
        },
        {
          "uuid": "1b3fe446-6ac9-4df3-94af-ecf5b9eef8c6",
          "title": "5 - Faça com que cada elemento do quadro de pixels possua 40 pixels de largura, 40 pixels de altura e seja delimitado por uma borda preta de 1 pixel.",
          "fullFile": "",
          "file": "",
          "beforeHooks": [],
          "afterHooks": [],
          "tests": [
            {
              "title": "Verifica se o quadro de pixels tem altura e comprimento de 5 elementos",
              "fullTitle": "5 - Faça com que cada elemento do quadro de pixels possua 40 pixels de largura, 40 pixels de altura e seja delimitado por uma borda preta de 1 pixel. Verifica se o quadro de pixels tem altura e comprimento de 5 elementos",
              "timedOut": null,
              "duration": 371,
              "state": "failed",
              "speed": null,
              "pass": false,
              "fail": true,
              "pending": false,
              "context": null,
              "code": "cy.get('.pixel').should('have.length', 25).each(function (pixel) {\n  expect(pixel).to.have.css('background-color', WHITE);\n}).and(function (pixels) {\n  var rows = chunk(pixels, 5);\n  rows.forEach(function (row) {\n    for (var index = 1; index < row.length; index += 1) {\n      var current = pixels[index];\n      var previous = pixels[index - 1];\n      cy.wrap(current).should('be.onTheRightOf', previous).and('be.horizontallyAlignedWith', previous);\n    }\n  });\n  for (var index = 1; index < 5; index += 1) {\n    expect(pixels[index * 5]).to.be.belowOf(pixels[(index - 1) * 5]);\n  }\n});",
              "err": {
                "message": "AssertionError: expected '<div.pixel>' to be below of <div class=\"pixel\"></div>",
                "estack": "AssertionError: expected '<div.pixel>' to be below of <div class=\"pixel\"></div>\n    at http://localhost:41077/__cypress/runner/cypress_runner.js:136161:17\n    at tryCatcher (http://localhost:41077/__cypress/runner/cypress_runner.js:167415:23)\n    at Function.Promise.attempt.Promise.try (http://localhost:41077/__cypress/runner/cypress_runner.js:164690:29)\n    at Context.shouldFnWithCallback (http://localhost:41077/__cypress/runner/cypress_runner.js:136158:23)\n    at Context.shouldFn (http://localhost:41077/__cypress/runner/cypress_runner.js:136167:35)\n    at Context.and (http://localhost:41077/__cypress/runner/cypress_runner.js:136265:23)\n    at Context.<anonymous> (http://localhost:41077/__cypress/runner/cypress_runner.js:148875:21)\n    at http://localhost:41077/__cypress/runner/cypress_runner.js:148351:33\n    at tryCatcher (http://localhost:41077/__cypress/runner/cypress_runner.js:167415:23)\n    at Promise._settlePromiseFromHandler (http://localhost:41077/__cypress/runner/cypress_runner.js:165351:31)\n    at Promise._settlePromise (http://localhost:41077/__cypress/runner/cypress_runner.js:165408:18)\n    at Promise._settlePromiseCtx (http://localhost:41077/__cypress/runner/cypress_runner.js:165445:10)\n    at Async../node_modules/bluebird/js/release/async.js.Async._drainQueue (http://localhost:41077/__cypress/runner/cypress_runner.js:162145:12)\n    at Async../node_modules/bluebird/js/release/async.js.Async._drainQueues (http://localhost:41077/__cypress/runner/cypress_runner.js:162150:10)\n    at Async.drainQueues (http://localhost:41077/__cypress/runner/cypress_runner.js:162024:14)",
                "diff": ""
              },
              "uuid": "e7c39ed4-abb4-42de-837c-ebe77376a8b4",
              "parentUUID": "1b3fe446-6ac9-4df3-94af-ecf5b9eef8c6",
              "isHook": false,
              "skipped": false
            },
            {
              "title": "Verifica se 40 pixels é o tamanho total do elemento, incluindo seu conteúdo e excluindo a borda preta, que deve ser criada à parte.",
              "fullTitle": "5 - Faça com que cada elemento do quadro de pixels possua 40 pixels de largura, 40 pixels de altura e seja delimitado por uma borda preta de 1 pixel. Verifica se 40 pixels é o tamanho total do elemento, incluindo seu conteúdo e excluindo a borda preta, que deve ser criada à parte.",
              "timedOut": null,
              "duration": 235,
              "state": "passed",
              "speed": "slow",
              "pass": true,
              "fail": false,
              "pending": false,
              "context": null,
              "code": "cy.get('.pixel').each(function (pixel) {\n  cy.wrap(pixel).should('have.css', 'height', '40px').and('have.css', 'width', '40px').and('have.css', 'border', \"1px solid \".concat(BLACK));\n});",
              "err": {},
              "uuid": "98c897d8-4b57-4b8b-910c-cec38152cb5f",
              "parentUUID": "1b3fe446-6ac9-4df3-94af-ecf5b9eef8c6",
              "isHook": false,
              "skipped": false
            }
          ],
          "suites": [],
          "passes": [
            "98c897d8-4b57-4b8b-910c-cec38152cb5f"
          ],
          "failures": [
            "e7c39ed4-abb4-42de-837c-ebe77376a8b4"
          ],
          "pending": [],
          "skipped": [],
          "duration": 606,
          "root": false,
          "rootEmpty": false,
          "_timeout": 2000
        },
        {
          "uuid": "03be4c73-a5f2-4c5c-972c-675d098d5809",
          "title": "6 - Defina a cor preta como cor inicial. Ao carregar a página a cor preta já deve estar selecionada para pintar os pixels",
          "fullFile": "",
          "file": "",
          "beforeHooks": [],
          "afterHooks": [],
          "tests": [
            {
              "title": "Verifica se o elemento da cor preta possui, inicialmente, a `classe` `selected`",
              "fullTitle": "6 - Defina a cor preta como cor inicial. Ao carregar a página a cor preta já deve estar selecionada para pintar os pixels Verifica se o elemento da cor preta possui, inicialmente, a `classe` `selected`",
              "timedOut": null,
              "duration": 68,
              "state": "passed",
              "speed": "medium",
              "pass": true,
              "fail": false,
              "pending": false,
              "context": null,
              "code": "cy.get('.selected').first().should('have.css', 'background-color', BLACK);",
              "err": {},
              "uuid": "7aa38e22-a3e7-4f44-b14d-6005bd3a9b1b",
              "parentUUID": "03be4c73-a5f2-4c5c-972c-675d098d5809",
              "isHook": false,
              "skipped": false
            },
            {
              "title": "Verifica se nenhuma outra cor da paleta tem a `classe` `selected`",
              "fullTitle": "6 - Defina a cor preta como cor inicial. Ao carregar a página a cor preta já deve estar selecionada para pintar os pixels Verifica se nenhuma outra cor da paleta tem a `classe` `selected`",
              "timedOut": null,
              "duration": 78,
              "state": "passed",
              "speed": "slow",
              "pass": true,
              "fail": false,
              "pending": false,
              "context": null,
              "code": "cy.get('.color:not(:first-child)').each(function (color) {\n  cy.wrap(color).should('not.have.class', 'selected');\n});",
              "err": {},
              "uuid": "0ca0b67b-18ef-4eab-a977-c9d432e5b526",
              "parentUUID": "03be4c73-a5f2-4c5c-972c-675d098d5809",
              "isHook": false,
              "skipped": false
            }
          ],
          "suites": [],
          "passes": [
            "7aa38e22-a3e7-4f44-b14d-6005bd3a9b1b",
            "0ca0b67b-18ef-4eab-a977-c9d432e5b526"
          ],
          "failures": [],
          "pending": [],
          "skipped": [],
          "duration": 146,
          "root": false,
          "rootEmpty": false,
          "_timeout": 2000
        },
        {
          "uuid": "7674cc4e-8ef2-447a-9926-fc2c0ad88f30",
          "title": "7 - Clicar em uma das cores da paleta, faz com que ela seja selecionada e utilizada para preencher os pixels no quadro.",
          "fullFile": "",
          "file": "",
          "beforeHooks": [],
          "afterHooks": [],
          "tests": [
            {
              "title": "Verifica se somente uma cor da paleta de cores tem a classe `selected` de cada vez",
              "fullTitle": "7 - Clicar em uma das cores da paleta, faz com que ela seja selecionada e utilizada para preencher os pixels no quadro. Verifica se somente uma cor da paleta de cores tem a classe `selected` de cada vez",
              "timedOut": null,
              "duration": 493,
              "state": "passed",
              "speed": "slow",
              "pass": true,
              "fail": false,
              "pending": false,
              "context": null,
              "code": "cy.get('.color').each(function (selectedColor, selectedColorIndex) {\n  cy.wrap(selectedColor).click();\n  cy.get('.color').each(function (color, colorIndex) {\n    if (colorIndex === selectedColorIndex) {\n      expect(color).to.have[\"class\"]('selected');\n    } else {\n      expect(color).not.to.have[\"class\"]('selected');\n    }\n  });\n});",
              "err": {},
              "uuid": "4555b7a1-c8f4-40a8-af1f-02dab2425833",
              "parentUUID": "7674cc4e-8ef2-447a-9926-fc2c0ad88f30",
              "isHook": false,
              "skipped": false
            },
            {
              "title": "Verifica se os pixels dentro do quadro não têm a classe `selected` quando são clicados",
              "fullTitle": "7 - Clicar em uma das cores da paleta, faz com que ela seja selecionada e utilizada para preencher os pixels no quadro. Verifica se os pixels dentro do quadro não têm a classe `selected` quando são clicados",
              "timedOut": null,
              "duration": 9456,
              "state": "passed",
              "speed": "slow",
              "pass": true,
              "fail": false,
              "pending": false,
              "context": null,
              "code": "cy.get('.color').each(function (color) {\n  var backgroundColor = color.css('background-color');\n  cy.wrap(color).click();\n  cy.get('.pixel').each(function (pixel) {\n    cy.wrap(pixel).click().should('not.have.class', 'selected');\n  });\n});",
              "err": {},
              "uuid": "35b954a7-1da5-4bbb-8835-33ec1536cac1",
              "parentUUID": "7674cc4e-8ef2-447a-9926-fc2c0ad88f30",
              "isHook": false,
              "skipped": false
            }
          ],
          "suites": [],
          "passes": [
            "4555b7a1-c8f4-40a8-af1f-02dab2425833",
            "35b954a7-1da5-4bbb-8835-33ec1536cac1"
          ],
          "failures": [],
          "pending": [],
          "skipped": [],
          "duration": 9949,
          "root": false,
          "rootEmpty": false,
          "_timeout": 2000
        },
        {
          "uuid": "83199660-ca0d-4163-9697-a618378136bb",
          "title": "8 - Clicar em um pixel dentro do quadro após selecionar uma cor na paleta, faz com que o pixel seja preenchido com a cor selecionada.",
          "fullFile": "",
          "file": "",
          "beforeHooks": [],
          "afterHooks": [],
          "tests": [
            {
              "title": "Verifica se ao carregar a página deve ser possível pintar os pixels de preto",
              "fullTitle": "8 - Clicar em um pixel dentro do quadro após selecionar uma cor na paleta, faz com que o pixel seja preenchido com a cor selecionada. Verifica se ao carregar a página deve ser possível pintar os pixels de preto",
              "timedOut": null,
              "duration": 2319,
              "state": "passed",
              "speed": "slow",
              "pass": true,
              "fail": false,
              "pending": false,
              "context": null,
              "code": "cy.get('.pixel').each(function (pixel) {\n  cy.wrap(pixel).click().should('have.css', 'background-color', BLACK);\n});",
              "err": {},
              "uuid": "3ce36ebf-5340-4978-b716-b1595d9baf23",
              "parentUUID": "83199660-ca0d-4163-9697-a618378136bb",
              "isHook": false,
              "skipped": false
            },
            {
              "title": "Verifica se após selecionar uma outra cor na paleta, é possível pintar os pixels com essa cor",
              "fullTitle": "8 - Clicar em um pixel dentro do quadro após selecionar uma cor na paleta, faz com que o pixel seja preenchido com a cor selecionada. Verifica se após selecionar uma outra cor na paleta, é possível pintar os pixels com essa cor",
              "timedOut": null,
              "duration": 9373,
              "state": "passed",
              "speed": "slow",
              "pass": true,
              "fail": false,
              "pending": false,
              "context": null,
              "code": "cy.get('.color').each(function (color) {\n  var backgroundColor = color.css('background-color');\n  cy.wrap(color).click();\n  cy.get('.pixel').each(function (pixel) {\n    cy.wrap(pixel).click().should('have.css', 'background-color', backgroundColor);\n  });\n});",
              "err": {},
              "uuid": "84f40e7c-04e5-4a0f-84c6-ad9bad59cbbc",
              "parentUUID": "83199660-ca0d-4163-9697-a618378136bb",
              "isHook": false,
              "skipped": false
            },
            {
              "title": "Verifica se somente o pixel que foi clicado foi preenchido com a cor selecionada, sem influenciar na cor dos demais pixels.",
              "fullTitle": "8 - Clicar em um pixel dentro do quadro após selecionar uma cor na paleta, faz com que o pixel seja preenchido com a cor selecionada. Verifica se somente o pixel que foi clicado foi preenchido com a cor selecionada, sem influenciar na cor dos demais pixels.",
              "timedOut": null,
              "duration": 1511,
              "state": "passed",
              "speed": "slow",
              "pass": true,
              "fail": false,
              "pending": false,
              "context": null,
              "code": "var colorToPixelIndexMap = {\n  0: 6,\n  1: 8,\n  2: 16,\n  3: 18\n};\ncy.get('.color').each(function (color, index) {\n  cy.wrap(color).click();\n  var backgroundColor = color.css('background-color');\n  var clickedPixelIndex = colorToPixelIndexMap[index];\n  cy.get('.pixel').eq(clickedPixelIndex).click();\n  cy.get('.pixel').eq(clickedPixelIndex - 1).should('not.have.css', 'background-color', backgroundColor);\n  cy.get('.pixel').eq(clickedPixelIndex + 1).should('not.have.css', 'background-color', backgroundColor);\n  cy.get('.pixel').eq(clickedPixelIndex - 5).should('not.have.css', 'background-color', backgroundColor);\n  cy.get('.pixel').eq(clickedPixelIndex + 5).should('not.have.css', 'background-color', backgroundColor);\n  cy.get('.pixel').eq(clickedPixelIndex - 6).should('not.have.css', 'background-color', backgroundColor);\n  cy.get('.pixel').eq(clickedPixelIndex - 4).should('not.have.css', 'background-color', backgroundColor);\n  cy.get('.pixel').eq(clickedPixelIndex + 4).should('not.have.css', 'background-color', backgroundColor);\n  cy.get('.pixel').eq(clickedPixelIndex + 6).should('not.have.css', 'background-color', backgroundColor);\n});",
              "err": {},
              "uuid": "965a3ca2-ee48-43d0-a349-c79cd3df4533",
              "parentUUID": "83199660-ca0d-4163-9697-a618378136bb",
              "isHook": false,
              "skipped": false
            }
          ],
          "suites": [],
          "passes": [
            "3ce36ebf-5340-4978-b716-b1595d9baf23",
            "84f40e7c-04e5-4a0f-84c6-ad9bad59cbbc",
            "965a3ca2-ee48-43d0-a349-c79cd3df4533"
          ],
          "failures": [],
          "pending": [],
          "skipped": [],
          "duration": 13203,
          "root": false,
          "rootEmpty": false,
          "_timeout": 2000
        },
        {
          "uuid": "42972a89-72d7-42cf-bd82-79f252480fd9",
          "title": "9 - Crie um botão que, ao ser clicado, limpa o quadro preenchendo a cor de todos seus pixels com branco.",
          "fullFile": "",
          "file": "",
          "beforeHooks": [],
          "afterHooks": [],
          "tests": [
            {
              "title": "Verifica se o botão tem o `id` denominado `clear-board`",
              "fullTitle": "9 - Crie um botão que, ao ser clicado, limpa o quadro preenchendo a cor de todos seus pixels com branco. Verifica se o botão tem o `id` denominado `clear-board`",
              "timedOut": null,
              "duration": 87,
              "state": "passed",
              "speed": "slow",
              "pass": true,
              "fail": false,
              "pending": false,
              "context": null,
              "code": "cy.get('#clear-board').should('be.visible');",
              "err": {},
              "uuid": "10065ff8-b32f-4ed5-997b-918c26e7d043",
              "parentUUID": "42972a89-72d7-42cf-bd82-79f252480fd9",
              "isHook": false,
              "skipped": false
            },
            {
              "title": "Verifica se o botão está posicionado entre a paleta de cores e o quadro de pixels",
              "fullTitle": "9 - Crie um botão que, ao ser clicado, limpa o quadro preenchendo a cor de todos seus pixels com branco. Verifica se o botão está posicionado entre a paleta de cores e o quadro de pixels",
              "timedOut": null,
              "duration": 65,
              "state": "passed",
              "speed": "medium",
              "pass": true,
              "fail": false,
              "pending": false,
              "context": null,
              "code": "cy.get('#color-palette').then(function (palette) {\n  cy.get('#clear-board').should('be.belowOf', palette);\n});\ncy.get('#clear-board').then(function (clearBtn) {\n  cy.get('#pixel-board').should('be.belowOf', clearBtn);\n});",
              "err": {},
              "uuid": "f7526312-a119-4066-bd78-6360e4992a73",
              "parentUUID": "42972a89-72d7-42cf-bd82-79f252480fd9",
              "isHook": false,
              "skipped": false
            },
            {
              "title": "Verifica se o texto do botão é 'Limpar'",
              "fullTitle": "9 - Crie um botão que, ao ser clicado, limpa o quadro preenchendo a cor de todos seus pixels com branco. Verifica se o texto do botão é 'Limpar'",
              "timedOut": null,
              "duration": 51,
              "state": "passed",
              "speed": "medium",
              "pass": true,
              "fail": false,
              "pending": false,
              "context": null,
              "code": "cy.get('#clear-board').should('contain.text', 'Limpar');",
              "err": {},
              "uuid": "a7036160-16c8-4f76-b86f-12f528b7f21f",
              "parentUUID": "42972a89-72d7-42cf-bd82-79f252480fd9",
              "isHook": false,
              "skipped": false
            },
            {
              "title": "Verifica se ao clicar no botão, o quadro de pixels é totalmente preenchido de branco",
              "fullTitle": "9 - Crie um botão que, ao ser clicado, limpa o quadro preenchendo a cor de todos seus pixels com branco. Verifica se ao clicar no botão, o quadro de pixels é totalmente preenchido de branco",
              "timedOut": null,
              "duration": 2528,
              "state": "passed",
              "speed": "slow",
              "pass": true,
              "fail": false,
              "pending": false,
              "context": null,
              "code": "cy.get('.color').eq(1).then(function (color) {\n  var backgroundColor = color.css('background-color');\n  cy.wrap(color).click();\n  cy.get('.pixel').each(function (pixel) {\n    cy.wrap(pixel).click().should('have.css', 'background-color', backgroundColor);\n  });\n});\ncy.get('#clear-board').click();\ncy.get('.pixel').each(function (pixel) {\n  cy.wrap(pixel).should('have.css', 'background-color', WHITE);\n});",
              "err": {},
              "uuid": "02645e44-d001-4c12-b7b3-a9f67a8c491f",
              "parentUUID": "42972a89-72d7-42cf-bd82-79f252480fd9",
              "isHook": false,
              "skipped": false
            }
          ],
          "suites": [],
          "passes": [
            "10065ff8-b32f-4ed5-997b-918c26e7d043",
            "f7526312-a119-4066-bd78-6360e4992a73",
            "a7036160-16c8-4f76-b86f-12f528b7f21f",
            "02645e44-d001-4c12-b7b3-a9f67a8c491f"
          ],
          "failures": [],
          "pending": [],
          "skipped": [],
          "duration": 2731,
          "root": false,
          "rootEmpty": false,
          "_timeout": 2000
        },
        {
          "uuid": "9782b070-6e0a-4125-bb38-a2631a7d3d5f",
          "title": "10 - Faça o quadro de pixels ter seu tamanho definido pelo usuário.",
          "fullFile": "",
          "file": "",
          "beforeHooks": [],
          "afterHooks": [],
          "tests": [
            {
              "title": "Verifica se existe um input com o id `board-size`",
              "fullTitle": "10 - Faça o quadro de pixels ter seu tamanho definido pelo usuário. Verifica se existe um input com o id `board-size`",
              "timedOut": null,
              "duration": 4208,
              "state": "failed",
              "speed": null,
              "pass": false,
              "fail": true,
              "pending": false,
              "context": null,
              "code": "cy.get('#board-size').should('be.visible');",
              "err": {
                "message": "CypressError: Timed out retrying: Expected to find element: '#board-size', but never found it.",
                "estack": "CypressError: Timed out retrying: Expected to find element: '#board-size', but never found it.\n    at cypressErr (http://localhost:41077/__cypress/runner/cypress_runner.js:149934:9)\n    at throwErr (http://localhost:41077/__cypress/runner/cypress_runner.js:149867:11)\n    at Object.throwErrByPath (http://localhost:41077/__cypress/runner/cypress_runner.js:149915:3)\n    at retry (http://localhost:41077/__cypress/runner/cypress_runner.js:144197:19)\n    at onFailFn (http://localhost:41077/__cypress/runner/cypress_runner.js:132448:16)\n    at tryCatcher (http://localhost:41077/__cypress/runner/cypress_runner.js:167415:23)\n    at Promise._settlePromiseFromHandler (http://localhost:41077/__cypress/runner/cypress_runner.js:165351:31)\n    at Promise._settlePromise (http://localhost:41077/__cypress/runner/cypress_runner.js:165408:18)\n    at Promise._settlePromise0 (http://localhost:41077/__cypress/runner/cypress_runner.js:165453:10)\n    at Promise._settlePromises (http://localhost:41077/__cypress/runner/cypress_runner.js:165528:18)\n    at Async../node_modules/bluebird/js/release/async.js.Async._drainQueue (http://localhost:41077/__cypress/runner/cypress_runner.js:162140:16)\n    at Async../node_modules/bluebird/js/release/async.js.Async._drainQueues (http://localhost:41077/__cypress/runner/cypress_runner.js:162150:10)\n    at Async.drainQueues (http://localhost:41077/__cypress/runner/cypress_runner.js:162024:14)",
                "diff": null
              },
              "uuid": "ea9b6fc7-1499-4b7d-b64b-f7f355fa9518",
              "parentUUID": "9782b070-6e0a-4125-bb38-a2631a7d3d5f",
              "isHook": false,
              "skipped": false
            },
            {
              "title": "Verifica se existe um botão com o id `generate-board`",
              "fullTitle": "10 - Faça o quadro de pixels ter seu tamanho definido pelo usuário. Verifica se existe um botão com o id `generate-board`",
              "timedOut": null,
              "duration": 4203,
              "state": "failed",
              "speed": null,
              "pass": false,
              "fail": true,
              "pending": false,
              "context": null,
              "code": "cy.get('#generate-board').should('be.visible');",
              "err": {
                "message": "CypressError: Timed out retrying: Expected to find element: '#generate-board', but never found it.",
                "estack": "CypressError: Timed out retrying: Expected to find element: '#generate-board', but never found it.\n    at cypressErr (http://localhost:41077/__cypress/runner/cypress_runner.js:149934:9)\n    at throwErr (http://localhost:41077/__cypress/runner/cypress_runner.js:149867:11)\n    at Object.throwErrByPath (http://localhost:41077/__cypress/runner/cypress_runner.js:149915:3)\n    at retry (http://localhost:41077/__cypress/runner/cypress_runner.js:144197:19)\n    at onFailFn (http://localhost:41077/__cypress/runner/cypress_runner.js:132448:16)\n    at tryCatcher (http://localhost:41077/__cypress/runner/cypress_runner.js:167415:23)\n    at Promise._settlePromiseFromHandler (http://localhost:41077/__cypress/runner/cypress_runner.js:165351:31)\n    at Promise._settlePromise (http://localhost:41077/__cypress/runner/cypress_runner.js:165408:18)\n    at Promise._settlePromise0 (http://localhost:41077/__cypress/runner/cypress_runner.js:165453:10)\n    at Promise._settlePromises (http://localhost:41077/__cypress/runner/cypress_runner.js:165528:18)\n    at Async../node_modules/bluebird/js/release/async.js.Async._drainQueue (http://localhost:41077/__cypress/runner/cypress_runner.js:162140:16)\n    at Async../node_modules/bluebird/js/release/async.js.Async._drainQueues (http://localhost:41077/__cypress/runner/cypress_runner.js:162150:10)\n    at Async.drainQueues (http://localhost:41077/__cypress/runner/cypress_runner.js:162024:14)",
                "diff": null
              },
              "uuid": "be445290-25f7-4607-95b6-a6b4eee6fc57",
              "parentUUID": "9782b070-6e0a-4125-bb38-a2631a7d3d5f",
              "isHook": false,
              "skipped": false
            },
            {
              "title": "Verifica se o input só aceita número maiores que zero. Essa restrição deve ser feita usando os atributos do elemento `input`",
              "fullTitle": "10 - Faça o quadro de pixels ter seu tamanho definido pelo usuário. Verifica se o input só aceita número maiores que zero. Essa restrição deve ser feita usando os atributos do elemento `input`",
              "timedOut": null,
              "duration": 4190,
              "state": "failed",
              "speed": null,
              "pass": false,
              "fail": true,
              "pending": false,
              "context": null,
              "code": "cy.get('#board-size[type=\\'number\\'][min=\\'1\\']');",
              "err": {
                "message": "CypressError: Timed out retrying: Expected to find element: '#board-size[type='number'][min='1']', but never found it.",
                "estack": "CypressError: Timed out retrying: Expected to find element: '#board-size[type='number'][min='1']', but never found it.\n    at cypressErr (http://localhost:41077/__cypress/runner/cypress_runner.js:149934:9)\n    at throwErr (http://localhost:41077/__cypress/runner/cypress_runner.js:149867:11)\n    at Object.throwErrByPath (http://localhost:41077/__cypress/runner/cypress_runner.js:149915:3)\n    at retry (http://localhost:41077/__cypress/runner/cypress_runner.js:144197:19)\n    at onFailFn (http://localhost:41077/__cypress/runner/cypress_runner.js:132448:16)\n    at tryCatcher (http://localhost:41077/__cypress/runner/cypress_runner.js:167415:23)\n    at Promise._settlePromiseFromHandler (http://localhost:41077/__cypress/runner/cypress_runner.js:165351:31)\n    at Promise._settlePromise (http://localhost:41077/__cypress/runner/cypress_runner.js:165408:18)\n    at Promise._settlePromise0 (http://localhost:41077/__cypress/runner/cypress_runner.js:165453:10)\n    at Promise._settlePromises (http://localhost:41077/__cypress/runner/cypress_runner.js:165528:18)\n    at Async../node_modules/bluebird/js/release/async.js.Async._drainQueue (http://localhost:41077/__cypress/runner/cypress_runner.js:162140:16)\n    at Async../node_modules/bluebird/js/release/async.js.Async._drainQueues (http://localhost:41077/__cypress/runner/cypress_runner.js:162150:10)\n    at Async.drainQueues (http://localhost:41077/__cypress/runner/cypress_runner.js:162024:14)",
                "diff": null
              },
              "uuid": "c0537371-931f-459e-b346-9018882f831c",
              "parentUUID": "9782b070-6e0a-4125-bb38-a2631a7d3d5f",
              "isHook": false,
              "skipped": false
            },
            {
              "title": "Verifica se o botão contém o texto 'VQV'",
              "fullTitle": "10 - Faça o quadro de pixels ter seu tamanho definido pelo usuário. Verifica se o botão contém o texto 'VQV'",
              "timedOut": null,
              "duration": 4209,
              "state": "failed",
              "speed": null,
              "pass": false,
              "fail": true,
              "pending": false,
              "context": null,
              "code": "cy.get('#generate-board').contains(/vqv/i);",
              "err": {
                "message": "CypressError: Timed out retrying: Expected to find element: '#generate-board', but never found it.",
                "estack": "CypressError: Timed out retrying: Expected to find element: '#generate-board', but never found it.\n    at cypressErr (http://localhost:41077/__cypress/runner/cypress_runner.js:149934:9)\n    at throwErr (http://localhost:41077/__cypress/runner/cypress_runner.js:149867:11)\n    at Object.throwErrByPath (http://localhost:41077/__cypress/runner/cypress_runner.js:149915:3)\n    at retry (http://localhost:41077/__cypress/runner/cypress_runner.js:144197:19)\n    at onFailFn (http://localhost:41077/__cypress/runner/cypress_runner.js:132448:16)\n    at tryCatcher (http://localhost:41077/__cypress/runner/cypress_runner.js:167415:23)\n    at Promise._settlePromiseFromHandler (http://localhost:41077/__cypress/runner/cypress_runner.js:165351:31)\n    at Promise._settlePromise (http://localhost:41077/__cypress/runner/cypress_runner.js:165408:18)\n    at Promise._settlePromise0 (http://localhost:41077/__cypress/runner/cypress_runner.js:165453:10)\n    at Promise._settlePromises (http://localhost:41077/__cypress/runner/cypress_runner.js:165528:18)\n    at Async../node_modules/bluebird/js/release/async.js.Async._drainQueue (http://localhost:41077/__cypress/runner/cypress_runner.js:162140:16)\n    at Async../node_modules/bluebird/js/release/async.js.Async._drainQueues (http://localhost:41077/__cypress/runner/cypress_runner.js:162150:10)\n    at Async.drainQueues (http://localhost:41077/__cypress/runner/cypress_runner.js:162024:14)",
                "diff": null
              },
              "uuid": "32d93132-531d-4bda-b54a-09c21bd62140",
              "parentUUID": "9782b070-6e0a-4125-bb38-a2631a7d3d5f",
              "isHook": false,
              "skipped": false
            },
            {
              "title": "Verifica se o input está posicionado entre a paleta de cores e o quadro de pixels",
              "fullTitle": "10 - Faça o quadro de pixels ter seu tamanho definido pelo usuário. Verifica se o input está posicionado entre a paleta de cores e o quadro de pixels",
              "timedOut": null,
              "duration": 4240,
              "state": "failed",
              "speed": null,
              "pass": false,
              "fail": true,
              "pending": false,
              "context": null,
              "code": "cy.get('#color-palette').then(function (palette) {\n  cy.get('#board-size').should('be.belowOf', palette);\n});\ncy.get('#board-size').then(function (palette) {\n  cy.get('#pixel-board').should('be.belowOf', palette);\n});",
              "err": {
                "message": "CypressError: Timed out retrying: Expected to find element: '#board-size', but never found it.",
                "estack": "CypressError: Timed out retrying: Expected to find element: '#board-size', but never found it.\n    at cypressErr (http://localhost:41077/__cypress/runner/cypress_runner.js:149934:9)\n    at throwErr (http://localhost:41077/__cypress/runner/cypress_runner.js:149867:11)\n    at Object.throwErrByPath (http://localhost:41077/__cypress/runner/cypress_runner.js:149915:3)\n    at retry (http://localhost:41077/__cypress/runner/cypress_runner.js:144197:19)\n    at onFailFn (http://localhost:41077/__cypress/runner/cypress_runner.js:132448:16)\n    at tryCatcher (http://localhost:41077/__cypress/runner/cypress_runner.js:167415:23)\n    at Promise._settlePromiseFromHandler (http://localhost:41077/__cypress/runner/cypress_runner.js:165351:31)\n    at Promise._settlePromise (http://localhost:41077/__cypress/runner/cypress_runner.js:165408:18)\n    at Promise._settlePromise0 (http://localhost:41077/__cypress/runner/cypress_runner.js:165453:10)\n    at Promise._settlePromises (http://localhost:41077/__cypress/runner/cypress_runner.js:165528:18)\n    at Async../node_modules/bluebird/js/release/async.js.Async._drainQueue (http://localhost:41077/__cypress/runner/cypress_runner.js:162140:16)\n    at Async../node_modules/bluebird/js/release/async.js.Async._drainQueues (http://localhost:41077/__cypress/runner/cypress_runner.js:162150:10)\n    at Async.drainQueues (http://localhost:41077/__cypress/runner/cypress_runner.js:162024:14)",
                "diff": null
              },
              "uuid": "1bda7ced-62d7-44c4-ad98-829c80224d1b",
              "parentUUID": "9782b070-6e0a-4125-bb38-a2631a7d3d5f",
              "isHook": false,
              "skipped": false
            },
            {
              "title": "Verifica se o botão está posicionado ao lado do input",
              "fullTitle": "10 - Faça o quadro de pixels ter seu tamanho definido pelo usuário. Verifica se o botão está posicionado ao lado do input",
              "timedOut": null,
              "duration": 4234,
              "state": "failed",
              "speed": null,
              "pass": false,
              "fail": true,
              "pending": false,
              "context": null,
              "code": "cy.get('#board-size').then(function (board) {\n  cy.get('#generate-board').should('be.onTheRightOf', board);\n});",
              "err": {
                "message": "CypressError: Timed out retrying: Expected to find element: '#board-size', but never found it.",
                "estack": "CypressError: Timed out retrying: Expected to find element: '#board-size', but never found it.\n    at cypressErr (http://localhost:41077/__cypress/runner/cypress_runner.js:149934:9)\n    at throwErr (http://localhost:41077/__cypress/runner/cypress_runner.js:149867:11)\n    at Object.throwErrByPath (http://localhost:41077/__cypress/runner/cypress_runner.js:149915:3)\n    at retry (http://localhost:41077/__cypress/runner/cypress_runner.js:144197:19)\n    at onFailFn (http://localhost:41077/__cypress/runner/cypress_runner.js:132448:16)\n    at tryCatcher (http://localhost:41077/__cypress/runner/cypress_runner.js:167415:23)\n    at Promise._settlePromiseFromHandler (http://localhost:41077/__cypress/runner/cypress_runner.js:165351:31)\n    at Promise._settlePromise (http://localhost:41077/__cypress/runner/cypress_runner.js:165408:18)\n    at Promise._settlePromise0 (http://localhost:41077/__cypress/runner/cypress_runner.js:165453:10)\n    at Promise._settlePromises (http://localhost:41077/__cypress/runner/cypress_runner.js:165528:18)\n    at Async../node_modules/bluebird/js/release/async.js.Async._drainQueue (http://localhost:41077/__cypress/runner/cypress_runner.js:162140:16)\n    at Async../node_modules/bluebird/js/release/async.js.Async._drainQueues (http://localhost:41077/__cypress/runner/cypress_runner.js:162150:10)\n    at Async.drainQueues (http://localhost:41077/__cypress/runner/cypress_runner.js:162024:14)",
                "diff": null
              },
              "uuid": "5c240f2a-cf40-4468-8df2-cee01e809ce7",
              "parentUUID": "9782b070-6e0a-4125-bb38-a2631a7d3d5f",
              "isHook": false,
              "skipped": false
            },
            {
              "title": "Verifica se nenhum valor for colocado no input ao clicar no botão, um `alert` é exibido com o texto: 'Board inválido!'",
              "fullTitle": "10 - Faça o quadro de pixels ter seu tamanho definido pelo usuário. Verifica se nenhum valor for colocado no input ao clicar no botão, um `alert` é exibido com o texto: 'Board inválido!'",
              "timedOut": null,
              "duration": 4292,
              "state": "failed",
              "speed": null,
              "pass": false,
              "fail": true,
              "pending": false,
              "context": null,
              "code": "var alerted = false;\ncy.on('window:alert', function (msg) {\n  return alerted = msg;\n});\ncy.get('#generate-board').click().then(function () {\n  return expect(alerted).to.match(/Board inválido!/i);\n});",
              "err": {
                "message": "CypressError: Timed out retrying: Expected to find element: '#generate-board', but never found it.",
                "estack": "CypressError: Timed out retrying: Expected to find element: '#generate-board', but never found it.\n    at cypressErr (http://localhost:41077/__cypress/runner/cypress_runner.js:149934:9)\n    at throwErr (http://localhost:41077/__cypress/runner/cypress_runner.js:149867:11)\n    at Object.throwErrByPath (http://localhost:41077/__cypress/runner/cypress_runner.js:149915:3)\n    at retry (http://localhost:41077/__cypress/runner/cypress_runner.js:144197:19)\n    at onFailFn (http://localhost:41077/__cypress/runner/cypress_runner.js:132448:16)\n    at tryCatcher (http://localhost:41077/__cypress/runner/cypress_runner.js:167415:23)\n    at Promise._settlePromiseFromHandler (http://localhost:41077/__cypress/runner/cypress_runner.js:165351:31)\n    at Promise._settlePromise (http://localhost:41077/__cypress/runner/cypress_runner.js:165408:18)\n    at Promise._settlePromise0 (http://localhost:41077/__cypress/runner/cypress_runner.js:165453:10)\n    at Promise._settlePromises (http://localhost:41077/__cypress/runner/cypress_runner.js:165528:18)\n    at Async../node_modules/bluebird/js/release/async.js.Async._drainQueue (http://localhost:41077/__cypress/runner/cypress_runner.js:162140:16)\n    at Async../node_modules/bluebird/js/release/async.js.Async._drainQueues (http://localhost:41077/__cypress/runner/cypress_runner.js:162150:10)\n    at Async.drainQueues (http://localhost:41077/__cypress/runner/cypress_runner.js:162024:14)",
                "diff": null
              },
              "uuid": "d9646a42-4535-4ffc-8b44-a7085f31d341",
              "parentUUID": "9782b070-6e0a-4125-bb38-a2631a7d3d5f",
              "isHook": false,
              "skipped": false
            },
            {
              "title": "Verifica se ao clicar no botão com um valor preenchido, o tamanho do board muda.",
              "fullTitle": "10 - Faça o quadro de pixels ter seu tamanho definido pelo usuário. Verifica se ao clicar no botão com um valor preenchido, o tamanho do board muda.",
              "timedOut": null,
              "duration": 4240,
              "state": "failed",
              "speed": null,
              "pass": false,
              "fail": true,
              "pending": false,
              "context": null,
              "code": "cy.get('#board-size').clear().type(10);\ncy.get('#generate-board').click();\ncy.get('.pixel').should('have.length', 100);",
              "err": {
                "message": "CypressError: Timed out retrying: Expected to find element: '#board-size', but never found it.",
                "estack": "CypressError: Timed out retrying: Expected to find element: '#board-size', but never found it.\n    at cypressErr (http://localhost:41077/__cypress/runner/cypress_runner.js:149934:9)\n    at throwErr (http://localhost:41077/__cypress/runner/cypress_runner.js:149867:11)\n    at Object.throwErrByPath (http://localhost:41077/__cypress/runner/cypress_runner.js:149915:3)\n    at retry (http://localhost:41077/__cypress/runner/cypress_runner.js:144197:19)\n    at onFailFn (http://localhost:41077/__cypress/runner/cypress_runner.js:132448:16)\n    at tryCatcher (http://localhost:41077/__cypress/runner/cypress_runner.js:167415:23)\n    at Promise._settlePromiseFromHandler (http://localhost:41077/__cypress/runner/cypress_runner.js:165351:31)\n    at Promise._settlePromise (http://localhost:41077/__cypress/runner/cypress_runner.js:165408:18)\n    at Promise._settlePromise0 (http://localhost:41077/__cypress/runner/cypress_runner.js:165453:10)\n    at Promise._settlePromises (http://localhost:41077/__cypress/runner/cypress_runner.js:165528:18)\n    at Async../node_modules/bluebird/js/release/async.js.Async._drainQueue (http://localhost:41077/__cypress/runner/cypress_runner.js:162140:16)\n    at Async../node_modules/bluebird/js/release/async.js.Async._drainQueues (http://localhost:41077/__cypress/runner/cypress_runner.js:162150:10)\n    at Async.drainQueues (http://localhost:41077/__cypress/runner/cypress_runner.js:162024:14)",
                "diff": null
              },
              "uuid": "3baacac9-fcd9-42b0-bcc7-df630c4ce8cb",
              "parentUUID": "9782b070-6e0a-4125-bb38-a2631a7d3d5f",
              "isHook": false,
              "skipped": false
            },
            {
              "title": "Verifica se o novo quadro tem todos os pixels preenchidos com a cor branca",
              "fullTitle": "10 - Faça o quadro de pixels ter seu tamanho definido pelo usuário. Verifica se o novo quadro tem todos os pixels preenchidos com a cor branca",
              "timedOut": null,
              "duration": 4243,
              "state": "failed",
              "speed": null,
              "pass": false,
              "fail": true,
              "pending": false,
              "context": null,
              "code": "cy.get('#board-size').clear().type(6);\ncy.get('#generate-board').click();\ncy.get('.pixel').should('have.length', 36).each(function (pixel) {\n  expect(pixel).to.have.css('background-color', WHITE);\n});",
              "err": {
                "message": "CypressError: Timed out retrying: Expected to find element: '#board-size', but never found it.",
                "estack": "CypressError: Timed out retrying: Expected to find element: '#board-size', but never found it.\n    at cypressErr (http://localhost:41077/__cypress/runner/cypress_runner.js:149934:9)\n    at throwErr (http://localhost:41077/__cypress/runner/cypress_runner.js:149867:11)\n    at Object.throwErrByPath (http://localhost:41077/__cypress/runner/cypress_runner.js:149915:3)\n    at retry (http://localhost:41077/__cypress/runner/cypress_runner.js:144197:19)\n    at onFailFn (http://localhost:41077/__cypress/runner/cypress_runner.js:132448:16)\n    at tryCatcher (http://localhost:41077/__cypress/runner/cypress_runner.js:167415:23)\n    at Promise._settlePromiseFromHandler (http://localhost:41077/__cypress/runner/cypress_runner.js:165351:31)\n    at Promise._settlePromise (http://localhost:41077/__cypress/runner/cypress_runner.js:165408:18)\n    at Promise._settlePromise0 (http://localhost:41077/__cypress/runner/cypress_runner.js:165453:10)\n    at Promise._settlePromises (http://localhost:41077/__cypress/runner/cypress_runner.js:165528:18)\n    at Async../node_modules/bluebird/js/release/async.js.Async._drainQueue (http://localhost:41077/__cypress/runner/cypress_runner.js:162140:16)\n    at Async../node_modules/bluebird/js/release/async.js.Async._drainQueues (http://localhost:41077/__cypress/runner/cypress_runner.js:162150:10)\n    at Async.drainQueues (http://localhost:41077/__cypress/runner/cypress_runner.js:162024:14)",
                "diff": null
              },
              "uuid": "09ebd040-854f-4de8-ad4d-8f3064d6d6f2",
              "parentUUID": "9782b070-6e0a-4125-bb38-a2631a7d3d5f",
              "isHook": false,
              "skipped": false
            }
          ],
          "suites": [],
          "passes": [],
          "failures": [
            "ea9b6fc7-1499-4b7d-b64b-f7f355fa9518",
            "be445290-25f7-4607-95b6-a6b4eee6fc57",
            "c0537371-931f-459e-b346-9018882f831c",
            "32d93132-531d-4bda-b54a-09c21bd62140",
            "1bda7ced-62d7-44c4-ad98-829c80224d1b",
            "5c240f2a-cf40-4468-8df2-cee01e809ce7",
            "d9646a42-4535-4ffc-8b44-a7085f31d341",
            "3baacac9-fcd9-42b0-bcc7-df630c4ce8cb",
            "09ebd040-854f-4de8-ad4d-8f3064d6d6f2"
          ],
          "pending": [],
          "skipped": [],
          "duration": 38059,
          "root": false,
          "rootEmpty": false,
          "_timeout": 2000
        },
        {
          "uuid": "3a123742-8993-4c9c-af24-e05a9c3eb34b",
          "title": "11 - Limite o tamanho mínimo e máximo do board.",
          "fullFile": "",
          "file": "",
          "beforeHooks": [],
          "afterHooks": [],
          "tests": [
            {
              "title": "Verifica se a altura máxima do board é 50",
              "fullTitle": "11 - Limite o tamanho mínimo e máximo do board. Verifica se a altura máxima do board é 50",
              "timedOut": null,
              "duration": 4213,
              "state": "failed",
              "speed": null,
              "pass": false,
              "fail": true,
              "pending": false,
              "context": null,
              "code": "cy.get('#board-size').clear().type(50);\ncy.get('#generate-board').click();\ncy.get('.pixel').should('have.length', 2500);",
              "err": {
                "message": "CypressError: Timed out retrying: Expected to find element: '#board-size', but never found it.",
                "estack": "CypressError: Timed out retrying: Expected to find element: '#board-size', but never found it.\n    at cypressErr (http://localhost:41077/__cypress/runner/cypress_runner.js:149934:9)\n    at throwErr (http://localhost:41077/__cypress/runner/cypress_runner.js:149867:11)\n    at Object.throwErrByPath (http://localhost:41077/__cypress/runner/cypress_runner.js:149915:3)\n    at retry (http://localhost:41077/__cypress/runner/cypress_runner.js:144197:19)\n    at onFailFn (http://localhost:41077/__cypress/runner/cypress_runner.js:132448:16)\n    at tryCatcher (http://localhost:41077/__cypress/runner/cypress_runner.js:167415:23)\n    at Promise._settlePromiseFromHandler (http://localhost:41077/__cypress/runner/cypress_runner.js:165351:31)\n    at Promise._settlePromise (http://localhost:41077/__cypress/runner/cypress_runner.js:165408:18)\n    at Promise._settlePromise0 (http://localhost:41077/__cypress/runner/cypress_runner.js:165453:10)\n    at Promise._settlePromises (http://localhost:41077/__cypress/runner/cypress_runner.js:165528:18)\n    at Async../node_modules/bluebird/js/release/async.js.Async._drainQueue (http://localhost:41077/__cypress/runner/cypress_runner.js:162140:16)\n    at Async../node_modules/bluebird/js/release/async.js.Async._drainQueues (http://localhost:41077/__cypress/runner/cypress_runner.js:162150:10)\n    at Async.drainQueues (http://localhost:41077/__cypress/runner/cypress_runner.js:162024:14)",
                "diff": null
              },
              "uuid": "c8985b9f-866e-4e62-9d45-91973fc57352",
              "parentUUID": "3a123742-8993-4c9c-af24-e05a9c3eb34b",
              "isHook": false,
              "skipped": false
            },
            {
              "title": "Verifica se a altura do board é 5 quando um valor menor é colocado no input",
              "fullTitle": "11 - Limite o tamanho mínimo e máximo do board. Verifica se a altura do board é 5 quando um valor menor é colocado no input",
              "timedOut": null,
              "duration": 4251,
              "state": "failed",
              "speed": null,
              "pass": false,
              "fail": true,
              "pending": false,
              "context": null,
              "code": "cy.get('#board-size').clear().type(4);\ncy.get('#generate-board').click();\ncy.get('.pixel').should('have.length', 25);",
              "err": {
                "message": "CypressError: Timed out retrying: Expected to find element: '#board-size', but never found it.",
                "estack": "CypressError: Timed out retrying: Expected to find element: '#board-size', but never found it.\n    at cypressErr (http://localhost:41077/__cypress/runner/cypress_runner.js:149934:9)\n    at throwErr (http://localhost:41077/__cypress/runner/cypress_runner.js:149867:11)\n    at Object.throwErrByPath (http://localhost:41077/__cypress/runner/cypress_runner.js:149915:3)\n    at retry (http://localhost:41077/__cypress/runner/cypress_runner.js:144197:19)\n    at onFailFn (http://localhost:41077/__cypress/runner/cypress_runner.js:132448:16)\n    at tryCatcher (http://localhost:41077/__cypress/runner/cypress_runner.js:167415:23)\n    at Promise._settlePromiseFromHandler (http://localhost:41077/__cypress/runner/cypress_runner.js:165351:31)\n    at Promise._settlePromise (http://localhost:41077/__cypress/runner/cypress_runner.js:165408:18)\n    at Promise._settlePromise0 (http://localhost:41077/__cypress/runner/cypress_runner.js:165453:10)\n    at Promise._settlePromises (http://localhost:41077/__cypress/runner/cypress_runner.js:165528:18)\n    at Async../node_modules/bluebird/js/release/async.js.Async._drainQueue (http://localhost:41077/__cypress/runner/cypress_runner.js:162140:16)\n    at Async../node_modules/bluebird/js/release/async.js.Async._drainQueues (http://localhost:41077/__cypress/runner/cypress_runner.js:162150:10)\n    at Async.drainQueues (http://localhost:41077/__cypress/runner/cypress_runner.js:162024:14)",
                "diff": null
              },
              "uuid": "4b28d998-36cd-4153-8014-827d6e091850",
              "parentUUID": "3a123742-8993-4c9c-af24-e05a9c3eb34b",
              "isHook": false,
              "skipped": false
            },
            {
              "title": "Verifica se a altura do board é 50 quando um valor maior é colocado no input",
              "fullTitle": "11 - Limite o tamanho mínimo e máximo do board. Verifica se a altura do board é 50 quando um valor maior é colocado no input",
              "timedOut": null,
              "duration": 4282,
              "state": "failed",
              "speed": null,
              "pass": false,
              "fail": true,
              "pending": false,
              "context": null,
              "code": "cy.get('#board-size').clear().type(51);\ncy.get('#generate-board').click();\ncy.get('.pixel').should('have.length', 2500);",
              "err": {
                "message": "CypressError: Timed out retrying: Expected to find element: '#board-size', but never found it.",
                "estack": "CypressError: Timed out retrying: Expected to find element: '#board-size', but never found it.\n    at cypressErr (http://localhost:41077/__cypress/runner/cypress_runner.js:149934:9)\n    at throwErr (http://localhost:41077/__cypress/runner/cypress_runner.js:149867:11)\n    at Object.throwErrByPath (http://localhost:41077/__cypress/runner/cypress_runner.js:149915:3)\n    at retry (http://localhost:41077/__cypress/runner/cypress_runner.js:144197:19)\n    at onFailFn (http://localhost:41077/__cypress/runner/cypress_runner.js:132448:16)\n    at tryCatcher (http://localhost:41077/__cypress/runner/cypress_runner.js:167415:23)\n    at Promise._settlePromiseFromHandler (http://localhost:41077/__cypress/runner/cypress_runner.js:165351:31)\n    at Promise._settlePromise (http://localhost:41077/__cypress/runner/cypress_runner.js:165408:18)\n    at Promise._settlePromise0 (http://localhost:41077/__cypress/runner/cypress_runner.js:165453:10)\n    at Promise._settlePromises (http://localhost:41077/__cypress/runner/cypress_runner.js:165528:18)\n    at Async../node_modules/bluebird/js/release/async.js.Async._drainQueue (http://localhost:41077/__cypress/runner/cypress_runner.js:162140:16)\n    at Async../node_modules/bluebird/js/release/async.js.Async._drainQueues (http://localhost:41077/__cypress/runner/cypress_runner.js:162150:10)\n    at Async.drainQueues (http://localhost:41077/__cypress/runner/cypress_runner.js:162024:14)",
                "diff": null
              },
              "uuid": "52bd19c6-6600-41f9-8cb3-15da0dcc71c1",
              "parentUUID": "3a123742-8993-4c9c-af24-e05a9c3eb34b",
              "isHook": false,
              "skipped": false
            }
          ],
          "suites": [],
          "passes": [],
          "failures": [
            "c8985b9f-866e-4e62-9d45-91973fc57352",
            "4b28d998-36cd-4153-8014-827d6e091850",
            "52bd19c6-6600-41f9-8cb3-15da0dcc71c1"
          ],
          "pending": [],
          "skipped": [],
          "duration": 12746,
          "root": false,
          "rootEmpty": false,
          "_timeout": 2000
        },
        {
          "uuid": "58c0eb30-bca3-4e1f-86da-d608aa2cef41",
          "title": "12 - Faça com que as cores da paleta sejam geradas aleatoriamente ao carregar a página.",
          "fullFile": "",
          "file": "",
          "beforeHooks": [],
          "afterHooks": [],
          "tests": [
            {
              "title": "Verifica se as cores geradas na paleta são diferentes a cada carregamento da página",
              "fullTitle": "12 - Faça com que as cores da paleta sejam geradas aleatoriamente ao carregar a página. Verifica se as cores geradas na paleta são diferentes a cada carregamento da página",
              "timedOut": null,
              "duration": 445,
              "state": "passed",
              "speed": "slow",
              "pass": true,
              "fail": false,
              "pending": false,
              "context": null,
              "code": "cy.get('.color').then(function (colors) {\n  var currentColors;\n  var previousColors;\n  previousColors = Array.from(colors).map(function (color) {\n    return Cypress.$(color).css('background-color');\n  });\n  for (var i = 0; i < 5; i += 1) {\n    cy.reload();\n    cy.get('.color').then(function (colors) {\n      currentColors = Array.from(colors).map(function (color) {\n        return Cypress.$(color).css('background-color');\n      });\n      expect(currentColors).not.to.deep.equal(previousColors);\n      previousColors = currentColors;\n    });\n  }\n});",
              "err": {},
              "uuid": "e7a09523-d774-422a-8611-9292d1a2199a",
              "parentUUID": "58c0eb30-bca3-4e1f-86da-d608aa2cef41",
              "isHook": false,
              "skipped": false
            },
            {
              "title": "Verifica se a cor preta ainda está presente e é a primeira na sua paleta de cores",
              "fullTitle": "12 - Faça com que as cores da paleta sejam geradas aleatoriamente ao carregar a página. Verifica se a cor preta ainda está presente e é a primeira na sua paleta de cores",
              "timedOut": null,
              "duration": 449,
              "state": "passed",
              "speed": "slow",
              "pass": true,
              "fail": false,
              "pending": false,
              "context": null,
              "code": "cy.get('.color').then(function (colors) {\n  var currentColors;\n  var previousColors;\n  previousColors = Array.from(colors).map(function (color) {\n    return Cypress.$(color).css('background-color');\n  });\n  expect(previousColors[0]).to.eq(BLACK);\n  for (var i = 0; i < 5; i += 1) {\n    cy.reload();\n    cy.get('.color').then(function (colors) {\n      currentColors = Array.from(colors).map(function (color) {\n        return Cypress.$(color).css('background-color');\n      });\n      expect(currentColors[0]).to.eq(BLACK);\n      expect(currentColors).not.to.deep.equal(previousColors);\n      previousColors = currentColors;\n    });\n  }\n});",
              "err": {},
              "uuid": "7a1d60bc-5ef2-4d3e-8258-4fe83dfda6fc",
              "parentUUID": "58c0eb30-bca3-4e1f-86da-d608aa2cef41",
              "isHook": false,
              "skipped": false
            }
          ],
          "suites": [],
          "passes": [
            "e7a09523-d774-422a-8611-9292d1a2199a",
            "7a1d60bc-5ef2-4d3e-8258-4fe83dfda6fc"
          ],
          "failures": [],
          "pending": [],
          "skipped": [],
          "duration": 894,
          "root": false,
          "rootEmpty": false,
          "_timeout": 2000
        }
      ],
      "passes": [],
      "failures": [],
      "pending": [],
      "skipped": [],
      "duration": 0,
      "root": true,
      "rootEmpty": true,
      "_timeout": 2000
    }
  ],
  "meta": {
    "mocha": {
      "version": "7.0.1"
    },
    "mochawesome": {
      "options": {
        "quiet": false,
        "reportFilename": "mochawesome",
        "saveHtml": false,
        "saveJson": true,
        "consoleReporter": "spec",
        "useInlineDiffs": false
      },
      "version": "4.1.0"
    },
    "marge": {
      "options": {
        "id": "default",
        "reportDir": "cypress/reports",
        "overwrite": true,
        "html": false,
        "json": true
      },
      "version": "4.1.0"
    }
  }
}